Log file open, 01/28/21 20:16:10
LogInit: Display: Running engine for game: LostBat
LogPlatformFile: Not using cached read wrapper
LogTaskGraph: Started task graph with 5 named threads and 14 total threads with 3 sets of task threads.
LogStats: Stats thread started at 0.411247
LogD3D11RHI: Loaded GFSDK_Aftermath_Lib.x64.dll
LogICUInternationalization: ICU TimeZone Detection - Raw Offset: +0:00, Platform Override: ''
LogPluginManager: Mounting plugin Paper2D
LogPluginManager: Mounting plugin AISupport
LogPluginManager: Mounting plugin LightPropagationVolume
LogPluginManager: Mounting plugin CameraShakePreviewer
LogPluginManager: Mounting plugin ActorLayerUtilities
LogPluginManager: Mounting plugin AnimationSharing
LogPluginManager: Mounting plugin CLionSourceCodeAccess
LogPluginManager: Mounting plugin CodeLiteSourceCodeAccess
LogPluginManager: Mounting plugin GitSourceControl
LogPluginManager: Mounting plugin KDevelopSourceCodeAccess
LogPluginManager: Mounting plugin NullSourceCodeAccess
LogPluginManager: Mounting plugin PerforceSourceControl
LogPluginManager: Mounting plugin PlasticSourceControl
LogPluginManager: Mounting plugin RiderSourceCodeAccess
LogPluginManager: Mounting plugin SubversionSourceControl
LogPluginManager: Mounting plugin UObjectPlugin
LogPluginManager: Mounting plugin VisualStudioCodeSourceCodeAccess
LogPluginManager: Mounting plugin VisualStudioSourceCodeAccess
LogPluginManager: Mounting plugin XCodeSourceCodeAccess
LogPluginManager: Mounting plugin AssetManagerEditor
LogPluginManager: Mounting plugin CryptoKeys
LogPluginManager: Mounting plugin CurveEditorTools
LogPluginManager: Mounting plugin DataValidation
LogPluginManager: Mounting plugin EditorScriptingUtilities
LogPluginManager: Mounting plugin FacialAnimation
LogPluginManager: Mounting plugin GameplayTagsEditor
LogPluginManager: Mounting plugin GeometryMode
LogPluginManager: Mounting plugin MacGraphicsSwitching
LogPluginManager: Mounting plugin MaterialAnalyzer
LogPluginManager: Mounting plugin MobileLauncherProfileWizard
LogPluginManager: Mounting plugin PluginBrowser
LogPluginManager: Mounting plugin SpeedTreeImporter
LogPluginManager: Mounting plugin DatasmithContent
LogPluginManager: Mounting plugin VariantManagerContent
LogPluginManager: Mounting plugin AlembicImporter
LogPluginManager: Mounting plugin AutomationUtils
LogPluginManager: Mounting plugin BackChannel
LogPluginManager: Mounting plugin ChaosCloth
LogPluginManager: Mounting plugin ChaosClothEditor
LogPluginManager: Mounting plugin ChaosEditor
LogPluginManager: Mounting plugin ChaosNiagara
LogPluginManager: Mounting plugin ChaosSolverPlugin
LogPluginManager: Mounting plugin CharacterAI
LogPluginManager: Mounting plugin GeometryCache
LogPluginManager: Mounting plugin GeometryCollectionPlugin
LogPluginManager: Mounting plugin GeometryProcessing
LogPluginManager: Mounting plugin PlanarCut
LogPluginManager: Mounting plugin PlatformCrypto
LogPluginManager: Mounting plugin ProxyLODPlugin
LogPluginManager: Mounting plugin SkeletalReduction
LogPluginManager: Mounting plugin Niagara
LogPluginManager: Mounting plugin MagicLeap
LogPluginManager: Mounting plugin MagicLeapLightEstimation
LogPluginManager: Mounting plugin MagicLeapMedia
LogPluginManager: Mounting plugin MagicLeapPassableWorld
LogPluginManager: Mounting plugin MLSDK
LogPluginManager: Mounting plugin AndroidMedia
LogPluginManager: Mounting plugin AvfMedia
LogPluginManager: Mounting plugin ImgMedia
LogPluginManager: Mounting plugin MediaCompositing
LogPluginManager: Mounting plugin MediaPlayerEditor
LogPluginManager: Mounting plugin WebMMedia
LogPluginManager: Mounting plugin WmfMedia
LogPluginManager: Mounting plugin MeshPainting
LogPluginManager: Mounting plugin TcpMessaging
LogPluginManager: Mounting plugin UdpMessaging
LogPluginManager: Mounting plugin ActorSequence
LogPluginManager: Mounting plugin LevelSequenceEditor
LogPluginManager: Mounting plugin MatineeToLevelSequence
LogPluginManager: Mounting plugin MovieRenderPipeline
LogPluginManager: Mounting plugin TemplateSequence
LogPluginManager: Mounting plugin NetcodeUnitTest
LogPluginManager: Mounting plugin NUTUnrealEngine4
LogPluginManager: Mounting plugin OnlineSubsystemGooglePlay
LogPluginManager: Mounting plugin OnlineSubsystemIOS
LogPluginManager: Mounting plugin OnlineSubsystem
LogPluginManager: Mounting plugin OnlineSubsystemNull
LogPluginManager: Mounting plugin OnlineSubsystemUtils
LogPluginManager: Mounting plugin LauncherChunkInstaller
LogPluginManager: Mounting plugin AndroidDeviceProfileSelector
LogPluginManager: Mounting plugin AndroidMoviePlayer
LogPluginManager: Mounting plugin AndroidPermission
LogPluginManager: Mounting plugin AppleImageUtils
LogPluginManager: Mounting plugin AppleMoviePlayer
LogPluginManager: Mounting plugin ArchVisCharacter
LogPluginManager: Mounting plugin AssetTags
LogPluginManager: Mounting plugin AudioCapture
LogPluginManager: Mounting plugin CableComponent
LogPluginManager: Mounting plugin CustomMeshComponent
LogPluginManager: Mounting plugin EditableMesh
LogPluginManager: Mounting plugin ExampleDeviceProfileSelector
LogPluginManager: Mounting plugin GoogleCloudMessaging
LogPluginManager: Mounting plugin GooglePAD
LogPluginManager: Mounting plugin IOSDeviceProfileSelector
LogPluginManager: Mounting plugin LinuxDeviceProfileSelector
LogPluginManager: Mounting plugin LocationServicesBPLibrary
LogPluginManager: Mounting plugin MobilePatchingUtils
LogPluginManager: Mounting plugin OculusVR
LogPluginManager: Mounting plugin PhysXVehicles
LogPluginManager: Mounting plugin PostSplashScreen
LogPluginManager: Mounting plugin ProceduralMeshComponent
LogPluginManager: Mounting plugin RuntimePhysXCooking
LogPluginManager: Mounting plugin SignificanceManager
LogPluginManager: Mounting plugin SoundFields
LogPluginManager: Mounting plugin SteamVR
LogPluginManager: Mounting plugin Synthesis
LogPluginManager: Mounting plugin WebMMoviePlayer
LogPluginManager: Mounting plugin WindowsMoviePlayer
LogPluginManager: Mounting plugin ScreenshotTools
LogInit: Using libcurl 7.55.1-DEV
LogInit:  - built for x86_64-pc-win32
LogInit:  - supports SSL with OpenSSL/1.1.1
LogInit:  - supports HTTP deflate (compression) using libz 1.2.8
LogInit:  - other features:
LogInit:      CURL_VERSION_SSL
LogInit:      CURL_VERSION_LIBZ
LogInit:      CURL_VERSION_IPV6
LogInit:      CURL_VERSION_ASYNCHDNS
LogInit:      CURL_VERSION_LARGEFILE
LogInit:      CURL_VERSION_IDN
LogInit:  CurlRequestOptions (configurable via config and command line):
LogInit:  - bVerifyPeer = true  - Libcurl will verify peer certificate
LogInit:  - bUseHttpProxy = false  - Libcurl will NOT use HTTP proxy
LogInit:  - bDontReuseConnections = false  - Libcurl will reuse connections
LogInit:  - MaxHostConnections = 16  - Libcurl will limit the number of connections to a host
LogInit:  - LocalHostAddr = Default
LogInit:  - BufferSize = 65536
LogOnline: OSS: Creating online subsystem instance for: NULL
LogInit: WinSock: version 1.1 (2.2), MaxSocks=32767, MaxUdp=65467
LogOnline: OSS: TryLoadSubsystemAndSetDefault: Loaded subsystem for module [NULL]
LogInit: Build: ++UE4+Release-4.25-CL-13942748
LogInit: Engine Version: 4.25.3-13942748+++UE4+Release-4.25
LogInit: Compatible Engine Version: 4.25.0-13144385+++UE4+Release-4.25
LogInit: Net CL: 13144385
LogInit: OS: Windows 10 (Release 2004) (), CPU: Intel(R) Core(TM) i5-6600 CPU @ 3.30GHz, GPU: Intel(R) HD Graphics 530
LogInit: Compiled (64-bit): Jul 25 2020 02:07:48
LogInit: Compiled with Visual C++: 19.24.28315.00
LogInit: Build Configuration: Development
LogInit: Branch Name: ++UE4+Release-4.25
LogInit: Command Line: 
LogInit: Base Directory: C:/Program Files/Epic Games/UE_4.25/Engine/Binaries/Win64/
LogInit: Allocator: TBB
LogInit: Installed Engine Build: 1
LogDevObjectVersion: Number of dev versions registered: 26
LogDevObjectVersion:   Dev-Blueprints (B0D832E4-1F89-4F0D-ACCF-7EB736FD4AA2): 10
LogDevObjectVersion:   Dev-Build (E1C64328-A22C-4D53-A36C-8E866417BD8C): 0
LogDevObjectVersion:   Dev-Core (375EC13C-06E4-48FB-B500-84F0262A717E): 4
LogDevObjectVersion:   Dev-Editor (E4B068ED-F494-42E9-A231-DA0B2E46BB41): 38
LogDevObjectVersion:   Dev-Framework (CFFC743F-43B0-4480-9391-14DF171D2073): 37
LogDevObjectVersion:   Dev-Mobile (B02B49B5-BB20-44E9-A304-32B752E40360): 2
LogDevObjectVersion:   Dev-Networking (A4E4105C-59A1-49B5-A7C5-40C4547EDFEE): 0
LogDevObjectVersion:   Dev-Online (39C831C9-5AE6-47DC-9A44-9C173E1C8E7C): 0
LogDevObjectVersion:   Dev-Physics (78F01B33-EBEA-4F98-B9B4-84EACCB95AA2): 4
LogDevObjectVersion:   Dev-Platform (6631380F-2D4D-43E0-8009-CF276956A95A): 0
LogDevObjectVersion:   Dev-Rendering (12F88B9F-8875-4AFC-A67C-D90C383ABD29): 43
LogDevObjectVersion:   Dev-Sequencer (7B5AE74C-D270-4C10-A958-57980B212A5A): 12
LogDevObjectVersion:   Dev-VR (D7296918-1DD6-4BDD-9DE2-64A83CC13884): 3
LogDevObjectVersion:   Dev-LoadTimes (C2A15278-BFE7-4AFE-6C17-90FF531DF755): 1
LogDevObjectVersion:   Private-Geometry (6EACA3D4-40EC-4CC1-B786-8BED09428FC5): 3
LogDevObjectVersion:   Dev-AnimPhys (29E575DD-E0A3-4627-9D10-D276232CDCEA): 17
LogDevObjectVersion:   Dev-Anim (AF43A65D-7FD3-4947-9873-3E8ED9C1BB05): 7
LogDevObjectVersion:   Dev-ReflectionCapture (6B266CEC-1EC7-4B8F-A30B-E4D90942FC07): 1
LogDevObjectVersion:   Dev-Automation (0DF73D61-A23F-47EA-B727-89E90C41499A): 1
LogDevObjectVersion:   FortniteMain (601D1886-AC64-4F84-AA16-D3DE0DEAC7D6): 31
LogDevObjectVersion:   Dev-Enterprise (9DFFBCD6-494F-0158-E221-12823C92A888): 10
LogDevObjectVersion:   Dev-Niagara (F2AED0AC-9AFE-416F-8664-AA7FFA26D6FC): 1
LogDevObjectVersion:   Dev-Destruction (174F1F0B-B4C6-45A5-B13F-2EE8D0FB917D): 10
LogDevObjectVersion:   Dev-Physics-Ext (35F94A83-E258-406C-A318-09F59610247C): 37
LogDevObjectVersion:   Dev-PhysicsMaterial-Chaos (B68FC16E-8B1B-42E2-B453-215C058844FE): 1
LogDevObjectVersion:   Dev-CineCamera (B2E18506-4273-CFC2-A54E-F4BB758BBA07): 1
LogInit: Presizing for max 25165824 objects, including 0 objects not considered by GC, pre-allocating 0 bytes for permanent pool.
LogConfig: Applying CVar settings from Section [/Script/Engine.StreamingSettings] File [D:/GameProjects/GGJ21/LostBat/Saved/Config/Windows/Engine.ini]
LogConfig: Setting CVar [[s.MinBulkDataSizeForAsyncLoading:131072]]
LogConfig: Setting CVar [[s.AsyncLoadingThreadEnabled:0]]
LogConfig: Setting CVar [[s.EventDrivenLoaderEnabled:1]]
LogConfig: Setting CVar [[s.WarnIfTimeLimitExceeded:0]]
LogConfig: Setting CVar [[s.TimeLimitExceededMultiplier:1.5]]
LogConfig: Setting CVar [[s.TimeLimitExceededMinTime:0.005]]
LogConfig: Setting CVar [[s.UseBackgroundLevelStreaming:1]]
LogConfig: Setting CVar [[s.PriorityAsyncLoadingExtraTime:15.0]]
LogConfig: Setting CVar [[s.LevelStreamingActorsUpdateTimeLimit:5.0]]
LogConfig: Setting CVar [[s.PriorityLevelStreamingActorsUpdateExtraTime:5.0]]
LogConfig: Setting CVar [[s.LevelStreamingComponentsRegistrationGranularity:10]]
LogConfig: Setting CVar [[s.UnregisterComponentsTimeLimit:1.0]]
LogConfig: Setting CVar [[s.LevelStreamingComponentsUnregistrationGranularity:5]]
LogConfig: Setting CVar [[s.FlushStreamingOnExit:1]]
LogInit: Object subsystem initialized
LogConfig: Setting CVar [[con.DebugEarlyDefault:1]]
LogConfig: Setting CVar [[r.setres:1280x720]]
[2021.01.28-20.16.10:847][  0]LogConfig: Setting CVar [[r.VSync:0]]
[2021.01.28-20.16.10:847][  0]LogConfig: Setting CVar [[r.RHICmdBypass:0]]
[2021.01.28-20.16.10:847][  0]LogConfig: Applying CVar settings from Section [/Script/Engine.RendererSettings] File [D:/GameProjects/GGJ21/LostBat/Saved/Config/Windows/Engine.ini]
[2021.01.28-20.16.10:847][  0]LogConfig: Setting CVar [[r.GPUCrashDebugging:0]]
[2021.01.28-20.16.10:847][  0]LogConfig: Setting CVar [[r.MobileHDR:0]]
[2021.01.28-20.16.10:847][  0]LogConfig: Applying CVar settings from Section [/Script/Engine.RendererOverrideSettings] File [D:/GameProjects/GGJ21/LostBat/Saved/Config/Windows/Engine.ini]
[2021.01.28-20.16.10:847][  0]LogConfig: Applying CVar settings from Section [/Script/Engine.StreamingSettings] File [D:/GameProjects/GGJ21/LostBat/Saved/Config/Windows/Engine.ini]
[2021.01.28-20.16.10:847][  0]LogConfig: Setting CVar [[s.MinBulkDataSizeForAsyncLoading:131072]]
[2021.01.28-20.16.10:847][  0]LogConfig: Setting CVar [[s.AsyncLoadingThreadEnabled:0]]
[2021.01.28-20.16.10:847][  0]LogConfig: Setting CVar [[s.EventDrivenLoaderEnabled:1]]
[2021.01.28-20.16.10:847][  0]LogConfig: Setting CVar [[s.WarnIfTimeLimitExceeded:0]]
[2021.01.28-20.16.10:847][  0]LogConfig: Setting CVar [[s.TimeLimitExceededMultiplier:1.5]]
[2021.01.28-20.16.10:847][  0]LogConfig: Setting CVar [[s.TimeLimitExceededMinTime:0.005]]
[2021.01.28-20.16.10:847][  0]LogConfig: Setting CVar [[s.UseBackgroundLevelStreaming:1]]
[2021.01.28-20.16.10:847][  0]LogConfig: Setting CVar [[s.PriorityAsyncLoadingExtraTime:15.0]]
[2021.01.28-20.16.10:847][  0]LogConfig: Setting CVar [[s.LevelStreamingActorsUpdateTimeLimit:5.0]]
[2021.01.28-20.16.10:848][  0]LogConfig: Setting CVar [[s.PriorityLevelStreamingActorsUpdateExtraTime:5.0]]
[2021.01.28-20.16.10:848][  0]LogConfig: Setting CVar [[s.LevelStreamingComponentsRegistrationGranularity:10]]
[2021.01.28-20.16.10:848][  0]LogConfig: Setting CVar [[s.UnregisterComponentsTimeLimit:1.0]]
[2021.01.28-20.16.10:848][  0]LogConfig: Setting CVar [[s.LevelStreamingComponentsUnregistrationGranularity:5]]
[2021.01.28-20.16.10:848][  0]LogConfig: Setting CVar [[s.FlushStreamingOnExit:1]]
[2021.01.28-20.16.10:848][  0]LogConfig: Applying CVar settings from Section [/Script/Engine.GarbageCollectionSettings] File [D:/GameProjects/GGJ21/LostBat/Saved/Config/Windows/Engine.ini]
[2021.01.28-20.16.10:848][  0]LogConfig: Setting CVar [[gc.MaxObjectsNotConsideredByGC:1]]
[2021.01.28-20.16.10:848][  0]LogConfig: Setting CVar [[gc.SizeOfPermanentObjectPool:0]]
[2021.01.28-20.16.10:848][  0]LogConfig: Setting CVar [[gc.FlushStreamingOnGC:0]]
[2021.01.28-20.16.10:848][  0]LogConfig: Setting CVar [[gc.NumRetriesBeforeForcingGC:10]]
[2021.01.28-20.16.10:848][  0]LogConfig: Setting CVar [[gc.AllowParallelGC:1]]
[2021.01.28-20.16.10:848][  0]LogConfig: Setting CVar [[gc.TimeBetweenPurgingPendingKillObjects:61.1]]
[2021.01.28-20.16.10:848][  0]LogConfig: Setting CVar [[gc.MaxObjectsInEditor:25165824]]
[2021.01.28-20.16.10:848][  0]LogConfig: Setting CVar [[gc.IncrementalBeginDestroyEnabled:1]]
[2021.01.28-20.16.10:848][  0]LogConfig: Setting CVar [[gc.CreateGCClusters:1]]
[2021.01.28-20.16.10:848][  0]LogConfig: Setting CVar [[gc.MinGCClusterSize:5]]
[2021.01.28-20.16.10:848][  0]LogConfig: Setting CVar [[gc.ActorClusteringEnabled:0]]
[2021.01.28-20.16.10:848][  0]LogConfig: Setting CVar [[gc.BlueprintClusteringEnabled:0]]
[2021.01.28-20.16.10:848][  0]LogConfig: Setting CVar [[gc.UseDisregardForGCOnDedicatedServers:0]]
[2021.01.28-20.16.10:848][  0]LogConfig: Applying CVar settings from Section [/Script/Engine.NetworkSettings] File [D:/GameProjects/GGJ21/LostBat/Saved/Config/Windows/Engine.ini]
[2021.01.28-20.16.10:848][  0]LogConfig: Applying CVar settings from Section [/Script/UnrealEd.CookerSettings] File [D:/GameProjects/GGJ21/LostBat/Saved/Config/Windows/Engine.ini]
[2021.01.28-20.16.10:850][  0]LogConfig: Applying CVar settings from Section [ViewDistanceQuality@3] File [D:/GameProjects/GGJ21/LostBat/Saved/Config/Windows/Scalability.ini]
[2021.01.28-20.16.10:850][  0]LogConfig: Setting CVar [[r.SkeletalMeshLODBias:0]]
[2021.01.28-20.16.10:850][  0]LogConfig: Setting CVar [[r.ViewDistanceScale:1.0]]
[2021.01.28-20.16.10:850][  0]LogConfig: Applying CVar settings from Section [AntiAliasingQuality@3] File [D:/GameProjects/GGJ21/LostBat/Saved/Config/Windows/Scalability.ini]
[2021.01.28-20.16.10:850][  0]LogConfig: Setting CVar [[r.PostProcessAAQuality:4]]
[2021.01.28-20.16.10:850][  0]LogConfig: Applying CVar settings from Section [ShadowQuality@3] File [D:/GameProjects/GGJ21/LostBat/Saved/Config/Windows/Scalability.ini]
[2021.01.28-20.16.10:850][  0]LogConfig: Setting CVar [[r.LightFunctionQuality:1]]
[2021.01.28-20.16.10:850][  0]LogConfig: Setting CVar [[r.ShadowQuality:5]]
[2021.01.28-20.16.10:850][  0]LogConfig: Setting CVar [[r.Shadow.CSM.MaxCascades:10]]
[2021.01.28-20.16.10:850][  0]LogConfig: Setting CVar [[r.Shadow.MaxResolution:2048]]
[2021.01.28-20.16.10:850][  0]LogConfig: Setting CVar [[r.Shadow.MaxCSMResolution:2048]]
[2021.01.28-20.16.10:850][  0]LogConfig: Setting CVar [[r.Shadow.RadiusThreshold:0.01]]
[2021.01.28-20.16.10:850][  0]LogConfig: Setting CVar [[r.Shadow.DistanceScale:1.0]]
[2021.01.28-20.16.10:850][  0]LogConfig: Setting CVar [[r.Shadow.CSM.TransitionScale:1.0]]
[2021.01.28-20.16.10:850][  0]LogConfig: Setting CVar [[r.Shadow.PreShadowResolutionFactor:1.0]]
[2021.01.28-20.16.10:850][  0]LogConfig: Setting CVar [[r.DistanceFieldShadowing:1]]
[2021.01.28-20.16.10:850][  0]LogConfig: Setting CVar [[r.DistanceFieldAO:1]]
[2021.01.28-20.16.10:850][  0]LogConfig: Setting CVar [[r.AOQuality:2]]
[2021.01.28-20.16.10:850][  0]LogConfig: Setting CVar [[r.VolumetricFog:1]]
[2021.01.28-20.16.10:850][  0]LogConfig: Setting CVar [[r.VolumetricFog.GridPixelSize:8]]
[2021.01.28-20.16.10:850][  0]LogConfig: Setting CVar [[r.VolumetricFog.GridSizeZ:128]]
[2021.01.28-20.16.10:850][  0]LogConfig: Setting CVar [[r.VolumetricFog.HistoryMissSupersampleCount:4]]
[2021.01.28-20.16.10:850][  0]LogConfig: Setting CVar [[r.LightMaxDrawDistanceScale:1]]
[2021.01.28-20.16.10:850][  0]LogConfig: Setting CVar [[r.CapsuleShadows:1]]
[2021.01.28-20.16.10:850][  0]LogConfig: Applying CVar settings from Section [PostProcessQuality@3] File [D:/GameProjects/GGJ21/LostBat/Saved/Config/Windows/Scalability.ini]
[2021.01.28-20.16.10:850][  0]LogConfig: Setting CVar [[r.MotionBlurQuality:4]]
[2021.01.28-20.16.10:850][  0]LogConfig: Setting CVar [[r.AmbientOcclusionMipLevelFactor:0.4]]
[2021.01.28-20.16.10:850][  0]LogConfig: Setting CVar [[r.AmbientOcclusionMaxQuality:100]]
[2021.01.28-20.16.10:850][  0]LogConfig: Setting CVar [[r.AmbientOcclusionLevels:-1]]
[2021.01.28-20.16.10:850][  0]LogConfig: Setting CVar [[r.AmbientOcclusionRadiusScale:1.0]]
[2021.01.28-20.16.10:850][  0]LogConfig: Setting CVar [[r.DepthOfFieldQuality:2]]
[2021.01.28-20.16.10:850][  0]LogConfig: Setting CVar [[r.RenderTargetPoolMin:400]]
[2021.01.28-20.16.10:850][  0]LogConfig: Setting CVar [[r.LensFlareQuality:2]]
[2021.01.28-20.16.10:850][  0]LogConfig: Setting CVar [[r.SceneColorFringeQuality:1]]
[2021.01.28-20.16.10:850][  0]LogConfig: Setting CVar [[r.EyeAdaptationQuality:2]]
[2021.01.28-20.16.10:850][  0]LogConfig: Setting CVar [[r.BloomQuality:5]]
[2021.01.28-20.16.10:850][  0]LogConfig: Setting CVar [[r.FastBlurThreshold:100]]
[2021.01.28-20.16.10:850][  0]LogConfig: Setting CVar [[r.Upscale.Quality:3]]
[2021.01.28-20.16.10:850][  0]LogConfig: Setting CVar [[r.Tonemapper.GrainQuantization:1]]
[2021.01.28-20.16.10:850][  0]LogConfig: Setting CVar [[r.LightShaftQuality:1]]
[2021.01.28-20.16.10:850][  0]LogConfig: Setting CVar [[r.Filter.SizeScale:1]]
[2021.01.28-20.16.10:850][  0]LogConfig: Setting CVar [[r.Tonemapper.Quality:5]]
[2021.01.28-20.16.10:851][  0]LogConfig: Setting CVar [[r.DOF.Gather.AccumulatorQuality:1        ; higher gathering accumulator quality]]
[2021.01.28-20.16.10:851][  0]LogConfig: Setting CVar [[r.DOF.Gather.PostfilterMethod:1          ; Median3x3 postfilering method]]
[2021.01.28-20.16.10:851][  0]LogConfig: Setting CVar [[r.DOF.Gather.EnableBokehSettings:0       ; no bokeh simulation when gathering]]
[2021.01.28-20.16.10:851][  0]LogConfig: Setting CVar [[r.DOF.Gather.RingCount:4                 ; medium number of samples when gathering]]
[2021.01.28-20.16.10:851][  0]LogConfig: Setting CVar [[r.DOF.Scatter.ForegroundCompositing:1    ; additive foreground scattering]]
[2021.01.28-20.16.10:851][  0]LogConfig: Setting CVar [[r.DOF.Scatter.BackgroundCompositing:2    ; additive background scattering]]
[2021.01.28-20.16.10:851][  0]LogConfig: Setting CVar [[r.DOF.Scatter.EnableBokehSettings:1      ; bokeh simulation when scattering]]
[2021.01.28-20.16.10:851][  0]LogConfig: Setting CVar [[r.DOF.Scatter.MaxSpriteRatio:0.1         ; only a maximum of 10% of scattered bokeh]]
[2021.01.28-20.16.10:851][  0]LogConfig: Setting CVar [[r.DOF.Recombine.Quality:1                ; cheap slight out of focus]]
[2021.01.28-20.16.10:851][  0]LogConfig: Setting CVar [[r.DOF.Recombine.EnableBokehSettings:0    ; no bokeh simulation on slight out of focus]]
[2021.01.28-20.16.10:851][  0]LogConfig: Setting CVar [[r.DOF.TemporalAAQuality:1                ; more stable temporal accumulation]]
[2021.01.28-20.16.10:851][  0]LogConfig: Setting CVar [[r.DOF.Kernel.MaxForegroundRadius:0.025]]
[2021.01.28-20.16.10:851][  0]LogConfig: Setting CVar [[r.DOF.Kernel.MaxBackgroundRadius:0.025]]
[2021.01.28-20.16.10:851][  0]LogConfig: Applying CVar settings from Section [TextureQuality@3] File [D:/GameProjects/GGJ21/LostBat/Saved/Config/Windows/Scalability.ini]
[2021.01.28-20.16.10:851][  0]LogConfig: Setting CVar [[r.Streaming.MipBias:0]]
[2021.01.28-20.16.10:851][  0]LogConfig: Setting CVar [[r.Streaming.AmortizeCPUToGPUCopy:0]]
[2021.01.28-20.16.10:851][  0]LogConfig: Setting CVar [[r.Streaming.MaxNumTexturesToStreamPerFrame:0]]
[2021.01.28-20.16.10:851][  0]LogConfig: Setting CVar [[r.Streaming.Boost:1]]
[2021.01.28-20.16.10:851][  0]LogConfig: Setting CVar [[r.MaxAnisotropy:8]]
[2021.01.28-20.16.10:851][  0]LogConfig: Setting CVar [[r.VT.MaxAnisotropy:8]]
[2021.01.28-20.16.10:851][  0]LogConfig: Setting CVar [[r.Streaming.LimitPoolSizeToVRAM:0]]
[2021.01.28-20.16.10:851][  0]LogConfig: Setting CVar [[r.Streaming.PoolSize:1000]]
[2021.01.28-20.16.10:851][  0]LogConfig: Setting CVar [[r.Streaming.MaxEffectiveScreenSize:0]]
[2021.01.28-20.16.10:851][  0]LogConfig: Applying CVar settings from Section [EffectsQuality@3] File [D:/GameProjects/GGJ21/LostBat/Saved/Config/Windows/Scalability.ini]
[2021.01.28-20.16.10:851][  0]LogConfig: Setting CVar [[r.TranslucencyLightingVolumeDim:64]]
[2021.01.28-20.16.10:851][  0]LogConfig: Setting CVar [[r.RefractionQuality:2]]
[2021.01.28-20.16.10:851][  0]LogConfig: Setting CVar [[r.SSR.Quality:3]]
[2021.01.28-20.16.10:851][  0]LogConfig: Setting CVar [[r.SSR.HalfResSceneColor:0]]
[2021.01.28-20.16.10:851][  0]LogConfig: Setting CVar [[r.SceneColorFormat:4]]
[2021.01.28-20.16.10:851][  0]LogConfig: Setting CVar [[r.DetailMode:2]]
[2021.01.28-20.16.10:851][  0]LogConfig: Setting CVar [[r.TranslucencyVolumeBlur:1]]
[2021.01.28-20.16.10:851][  0]LogConfig: Setting CVar [[r.MaterialQualityLevel:1 ; High quality]]
[2021.01.28-20.16.10:851][  0]LogConfig: Setting CVar [[r.SSS.Scale:1]]
[2021.01.28-20.16.10:851][  0]LogConfig: Setting CVar [[r.SSS.SampleSet:2]]
[2021.01.28-20.16.10:851][  0]LogConfig: Setting CVar [[r.SSS.Quality:1]]
[2021.01.28-20.16.10:851][  0]LogConfig: Setting CVar [[r.SSS.HalfRes:0]]
[2021.01.28-20.16.10:851][  0]LogConfig: Setting CVar [[r.SSGI.Quality:3]]
[2021.01.28-20.16.10:851][  0]LogConfig: Setting CVar [[r.EmitterSpawnRateScale:1.0]]
[2021.01.28-20.16.10:851][  0]LogConfig: Setting CVar [[r.ParticleLightQuality:2]]
[2021.01.28-20.16.10:851][  0]LogConfig: Setting CVar [[r.SkyAtmosphere.AerialPerspectiveLUT.FastApplyOnOpaque:1 ; Always have FastSkyLUT 1 in this case to avoid wrong sky]]
[2021.01.28-20.16.10:851][  0]LogConfig: Setting CVar [[r.SkyAtmosphere.AerialPerspectiveLUT.SampleCountPerSlice:1]]
[2021.01.28-20.16.10:851][  0]LogConfig: Setting CVar [[r.SkyAtmosphere.AerialPerspectiveLUT.DepthResolution:16.0]]
[2021.01.28-20.16.10:851][  0]LogConfig: Setting CVar [[r.SkyAtmosphere.FastSkyLUT:1]]
[2021.01.28-20.16.10:851][  0]LogConfig: Setting CVar [[r.SkyAtmosphere.FastSkyLUT.SampleCountMin:4.0]]
[2021.01.28-20.16.10:851][  0]LogConfig: Setting CVar [[r.SkyAtmosphere.FastSkyLUT.SampleCountMax:32.0]]
[2021.01.28-20.16.10:851][  0]LogConfig: Setting CVar [[r.SkyAtmosphere.SampleCountMin:4.0]]
[2021.01.28-20.16.10:851][  0]LogConfig: Setting CVar [[r.SkyAtmosphere.SampleCountMax:32.0]]
[2021.01.28-20.16.10:851][  0]LogConfig: Setting CVar [[r.SkyAtmosphere.TransmittanceLUT.UseSmallFormat:0]]
[2021.01.28-20.16.10:851][  0]LogConfig: Setting CVar [[r.SkyAtmosphere.TransmittanceLUT.SampleCount:10.0]]
[2021.01.28-20.16.10:851][  0]LogConfig: Setting CVar [[r.SkyAtmosphere.MultiScatteringLUT.SampleCount:15.0]]
[2021.01.28-20.16.10:851][  0]LogConfig: Applying CVar settings from Section [FoliageQuality@3] File [D:/GameProjects/GGJ21/LostBat/Saved/Config/Windows/Scalability.ini]
[2021.01.28-20.16.10:851][  0]LogConfig: Setting CVar [[foliage.DensityScale:1.0]]
[2021.01.28-20.16.10:851][  0]LogConfig: Setting CVar [[grass.DensityScale:1.0]]
[2021.01.28-20.16.10:851][  0]LogConfig: Applying CVar settings from Section [ShadingQuality@3] File [D:/GameProjects/GGJ21/LostBat/Saved/Config/Windows/Scalability.ini]
[2021.01.28-20.16.10:851][  0]LogConfig: Setting CVar [[r.HairStrands.SkyLighting.SampleCount:16]]
[2021.01.28-20.16.10:851][  0]LogConfig: Setting CVar [[r.HairStrands.SkyLighting.JitterIntegration:0]]
[2021.01.28-20.16.10:851][  0]LogConfig: Setting CVar [[r.HairStrands.SkyAO.SampleCount:16]]
[2021.01.28-20.16.10:851][  0]LogConfig: Setting CVar [[r.HairStrands.DeepShadow.SuperSampling:0]]
[2021.01.28-20.16.10:851][  0]LogConfig: Setting CVar [[r.HairStrands.VisibilityPPLL:0]]
[2021.01.28-20.16.10:851][  0]LogConfig: Setting CVar [[r.HairStrands.RasterizationScale:0.5]]
[2021.01.28-20.16.10:851][  0]LogConfig: Setting CVar [[r.HairStrands.VelocityRasterizationScale:1]]
[2021.01.28-20.16.10:851][  0]LogInit: Selected Device Profile: [Windows]
[2021.01.28-20.16.10:851][  0]LogInit: Applying CVar settings loaded from the selected device profile: [Windows]
[2021.01.28-20.16.10:852][  0]LogHAL: Display: Platform has ~ 8 GB [8463282176 / 8589934592 / 8], which maps to Default [LargestMinGB=32, LargerMinGB=12, DefaultMinGB=8, SmallerMinGB=6, SmallestMinGB=0)
[2021.01.28-20.16.10:852][  0]LogInit: Going up to parent DeviceProfile []
[2021.01.28-20.16.10:852][  0]LogConfig: Applying CVar settings from Section [ViewDistanceQuality@1] File [D:/GameProjects/GGJ21/LostBat/Saved/Config/Windows/Scalability.ini]
[2021.01.28-20.16.10:852][  0]LogConfig: Setting CVar [[r.SkeletalMeshLODBias:1]]
[2021.01.28-20.16.10:852][  0]LogConfig: Setting CVar [[r.ViewDistanceScale:0.6]]
[2021.01.28-20.16.10:852][  0]LogConfig: Applying CVar settings from Section [AntiAliasingQuality@1] File [D:/GameProjects/GGJ21/LostBat/Saved/Config/Windows/Scalability.ini]
[2021.01.28-20.16.10:852][  0]LogConfig: Setting CVar [[r.PostProcessAAQuality:2]]
[2021.01.28-20.16.10:852][  0]LogConfig: Applying CVar settings from Section [ShadowQuality@1] File [D:/GameProjects/GGJ21/LostBat/Saved/Config/Windows/Scalability.ini]
[2021.01.28-20.16.10:852][  0]LogConfig: Setting CVar [[r.LightFunctionQuality:1]]
[2021.01.28-20.16.10:852][  0]LogConfig: Setting CVar [[r.ShadowQuality:3]]
[2021.01.28-20.16.10:852][  0]LogConfig: Setting CVar [[r.Shadow.CSM.MaxCascades:1]]
[2021.01.28-20.16.10:852][  0]LogConfig: Setting CVar [[r.Shadow.MaxResolution:1024]]
[2021.01.28-20.16.10:852][  0]LogConfig: Setting CVar [[r.Shadow.MaxCSMResolution:1024]]
[2021.01.28-20.16.10:852][  0]LogConfig: Setting CVar [[r.Shadow.RadiusThreshold:0.05]]
[2021.01.28-20.16.10:852][  0]LogConfig: Setting CVar [[r.Shadow.DistanceScale:0.7]]
[2021.01.28-20.16.10:852][  0]LogConfig: Setting CVar [[r.Shadow.CSM.TransitionScale:0.25]]
[2021.01.28-20.16.10:852][  0]LogConfig: Setting CVar [[r.Shadow.PreShadowResolutionFactor:0.5]]
[2021.01.28-20.16.10:852][  0]LogConfig: Setting CVar [[r.DistanceFieldShadowing:0]]
[2021.01.28-20.16.10:852][  0]LogConfig: Setting CVar [[r.DistanceFieldAO:0]]
[2021.01.28-20.16.10:852][  0]LogConfig: Setting CVar [[r.VolumetricFog:0]]
[2021.01.28-20.16.10:852][  0]LogConfig: Setting CVar [[r.LightMaxDrawDistanceScale:.5]]
[2021.01.28-20.16.10:852][  0]LogConfig: Setting CVar [[r.CapsuleShadows:1]]
[2021.01.28-20.16.10:852][  0]LogConfig: Applying CVar settings from Section [PostProcessQuality@1] File [D:/GameProjects/GGJ21/LostBat/Saved/Config/Windows/Scalability.ini]
[2021.01.28-20.16.10:852][  0]LogConfig: Setting CVar [[r.MotionBlurQuality:3]]
[2021.01.28-20.16.10:852][  0]LogConfig: Setting CVar [[r.AmbientOcclusionMipLevelFactor:1.0]]
[2021.01.28-20.16.10:852][  0]LogConfig: Setting CVar [[r.AmbientOcclusionMaxQuality:60]]
[2021.01.28-20.16.10:852][  0]LogConfig: Setting CVar [[r.AmbientOcclusionLevels:-1]]
[2021.01.28-20.16.10:852][  0]LogConfig: Setting CVar [[r.AmbientOcclusionRadiusScale:1.5]]
[2021.01.28-20.16.10:852][  0]LogConfig: Setting CVar [[r.DepthOfFieldQuality:1]]
[2021.01.28-20.16.10:852][  0]LogConfig: Setting CVar [[r.RenderTargetPoolMin:350]]
[2021.01.28-20.16.10:852][  0]LogConfig: Setting CVar [[r.LensFlareQuality:0]]
[2021.01.28-20.16.10:852][  0]LogConfig: Setting CVar [[r.SceneColorFringeQuality:0]]
[2021.01.28-20.16.10:852][  0]LogConfig: Setting CVar [[r.EyeAdaptationQuality:0]]
[2021.01.28-20.16.10:852][  0]LogConfig: Setting CVar [[r.BloomQuality:4]]
[2021.01.28-20.16.10:852][  0]LogConfig: Setting CVar [[r.FastBlurThreshold:2]]
[2021.01.28-20.16.10:852][  0]LogConfig: Setting CVar [[r.Upscale.Quality:2]]
[2021.01.28-20.16.10:852][  0]LogConfig: Setting CVar [[r.Tonemapper.GrainQuantization:0]]
[2021.01.28-20.16.10:852][  0]LogConfig: Setting CVar [[r.LightShaftQuality:0]]
[2021.01.28-20.16.10:852][  0]LogConfig: Setting CVar [[r.Filter.SizeScale:0.7]]
[2021.01.28-20.16.10:852][  0]LogConfig: Setting CVar [[r.Tonemapper.Quality:2]]
[2021.01.28-20.16.10:852][  0]LogConfig: Setting CVar [[r.DOF.Gather.AccumulatorQuality:0        ; lower gathering accumulator quality]]
[2021.01.28-20.16.10:852][  0]LogConfig: Setting CVar [[r.DOF.Gather.PostfilterMethod:2          ; Max3x3 postfilering method]]
[2021.01.28-20.16.10:852][  0]LogConfig: Setting CVar [[r.DOF.Gather.EnableBokehSettings:0       ; no bokeh simulation when gathering]]
[2021.01.28-20.16.10:852][  0]LogConfig: Setting CVar [[r.DOF.Gather.RingCount:3                 ; low number of samples when gathering]]
[2021.01.28-20.16.10:852][  0]LogConfig: Setting CVar [[r.DOF.Scatter.ForegroundCompositing:0    ; no foreground scattering]]
[2021.01.28-20.16.10:852][  0]LogConfig: Setting CVar [[r.DOF.Scatter.BackgroundCompositing:0    ; no foreground scattering]]
[2021.01.28-20.16.10:852][  0]LogConfig: Setting CVar [[r.DOF.Recombine.Quality:0                ; no slight out of focus]]
[2021.01.28-20.16.10:852][  0]LogConfig: Setting CVar [[r.DOF.TemporalAAQuality:0                ; faster temporal accumulation]]
[2021.01.28-20.16.10:852][  0]LogConfig: Setting CVar [[r.DOF.Kernel.MaxForegroundRadius:0.006   ; required because low gathering and no scattering and not looking great at 1080p]]
[2021.01.28-20.16.10:852][  0]LogConfig: Setting CVar [[r.DOF.Kernel.MaxBackgroundRadius:0.006   ; required because low gathering and no scattering and not looking great at 1080p]]
[2021.01.28-20.16.10:852][  0]LogConfig: Applying CVar settings from Section [TextureQuality@1] File [D:/GameProjects/GGJ21/LostBat/Saved/Config/Windows/Scalability.ini]
[2021.01.28-20.16.10:852][  0]LogConfig: Setting CVar [[r.Streaming.MipBias:1]]
[2021.01.28-20.16.10:852][  0]LogConfig: Setting CVar [[r.Streaming.AmortizeCPUToGPUCopy:0]]
[2021.01.28-20.16.10:852][  0]LogConfig: Setting CVar [[r.Streaming.MaxNumTexturesToStreamPerFrame:0]]
[2021.01.28-20.16.10:852][  0]LogConfig: Setting CVar [[r.Streaming.Boost:1]]
[2021.01.28-20.16.10:852][  0]LogConfig: Setting CVar [[r.MaxAnisotropy:2]]
[2021.01.28-20.16.10:852][  0]LogConfig: Setting CVar [[r.VT.MaxAnisotropy:4]]
[2021.01.28-20.16.10:852][  0]LogConfig: Setting CVar [[r.Streaming.LimitPoolSizeToVRAM:1]]
[2021.01.28-20.16.10:852][  0]LogConfig: Setting CVar [[r.Streaming.PoolSize:600]]
[2021.01.28-20.16.10:852][  0]LogConfig: Setting CVar [[r.Streaming.MaxEffectiveScreenSize:0]]
[2021.01.28-20.16.10:852][  0]LogConfig: Applying CVar settings from Section [EffectsQuality@1] File [D:/GameProjects/GGJ21/LostBat/Saved/Config/Windows/Scalability.ini]
[2021.01.28-20.16.10:852][  0]LogConfig: Setting CVar [[r.TranslucencyLightingVolumeDim:32]]
[2021.01.28-20.16.10:852][  0]LogConfig: Setting CVar [[r.RefractionQuality:0]]
[2021.01.28-20.16.10:852][  0]LogConfig: Setting CVar [[r.SSR.Quality:0]]
[2021.01.28-20.16.10:852][  0]LogConfig: Setting CVar [[r.SSR.HalfResSceneColor:1]]
[2021.01.28-20.16.10:852][  0]LogConfig: Setting CVar [[r.SceneColorFormat:3]]
[2021.01.28-20.16.10:852][  0]LogConfig: Setting CVar [[r.DetailMode:1]]
[2021.01.28-20.16.10:852][  0]LogConfig: Setting CVar [[r.TranslucencyVolumeBlur:0]]
[2021.01.28-20.16.10:852][  0]LogConfig: Setting CVar [[r.MaterialQualityLevel:2 ; Medium quality]]
[2021.01.28-20.16.10:853][  0]LogConfig: Setting CVar [[r.SSS.Scale:0.75]]
[2021.01.28-20.16.10:853][  0]LogConfig: Setting CVar [[r.SSS.SampleSet:0]]
[2021.01.28-20.16.10:853][  0]LogConfig: Setting CVar [[r.SSS.Quality:0]]
[2021.01.28-20.16.10:853][  0]LogConfig: Setting CVar [[r.SSS.HalfRes:1]]
[2021.01.28-20.16.10:853][  0]LogConfig: Setting CVar [[r.SSGI.Quality:1]]
[2021.01.28-20.16.10:853][  0]LogConfig: Setting CVar [[r.EmitterSpawnRateScale:0.25]]
[2021.01.28-20.16.10:853][  0]LogConfig: Setting CVar [[r.ParticleLightQuality:0]]
[2021.01.28-20.16.10:853][  0]LogConfig: Setting CVar [[r.SkyAtmosphere.AerialPerspectiveLUT.FastApplyOnOpaque:1 ; Always have FastSkyLUT 1 in this case to avoid wrong sky]]
[2021.01.28-20.16.10:853][  0]LogConfig: Setting CVar [[r.SkyAtmosphere.AerialPerspectiveLUT.SampleCountPerSlice:1]]
[2021.01.28-20.16.10:853][  0]LogConfig: Setting CVar [[r.SkyAtmosphere.AerialPerspectiveLUT.DepthResolution:16.0]]
[2021.01.28-20.16.10:853][  0]LogConfig: Setting CVar [[r.SkyAtmosphere.FastSkyLUT:1]]
[2021.01.28-20.16.10:853][  0]LogConfig: Setting CVar [[r.SkyAtmosphere.FastSkyLUT.SampleCountMin:4.0]]
[2021.01.28-20.16.10:853][  0]LogConfig: Setting CVar [[r.SkyAtmosphere.FastSkyLUT.SampleCountMax:32.0]]
[2021.01.28-20.16.10:853][  0]LogConfig: Setting CVar [[r.SkyAtmosphere.SampleCountMin:4.0]]
[2021.01.28-20.16.10:853][  0]LogConfig: Setting CVar [[r.SkyAtmosphere.SampleCountMax:32.0]]
[2021.01.28-20.16.10:853][  0]LogConfig: Setting CVar [[r.SkyAtmosphere.TransmittanceLUT.UseSmallFormat:0]]
[2021.01.28-20.16.10:853][  0]LogConfig: Setting CVar [[r.SkyAtmosphere.TransmittanceLUT.SampleCount:10.0]]
[2021.01.28-20.16.10:853][  0]LogConfig: Setting CVar [[r.SkyAtmosphere.MultiScatteringLUT.SampleCount:15.0]]
[2021.01.28-20.16.10:853][  0]LogConfig: Applying CVar settings from Section [FoliageQuality@1] File [D:/GameProjects/GGJ21/LostBat/Saved/Config/Windows/Scalability.ini]
[2021.01.28-20.16.10:853][  0]LogConfig: Setting CVar [[foliage.DensityScale:0.4]]
[2021.01.28-20.16.10:853][  0]LogConfig: Setting CVar [[grass.DensityScale:0.4]]
[2021.01.28-20.16.10:853][  0]LogConfig: Applying CVar settings from Section [ShadingQuality@3] File [D:/GameProjects/GGJ21/LostBat/Saved/Config/Windows/Scalability.ini]
[2021.01.28-20.16.10:853][  0]LogConfig: Setting CVar [[r.HairStrands.SkyLighting.SampleCount:16]]
[2021.01.28-20.16.10:853][  0]LogConfig: Setting CVar [[r.HairStrands.SkyLighting.JitterIntegration:0]]
[2021.01.28-20.16.10:853][  0]LogConfig: Setting CVar [[r.HairStrands.SkyAO.SampleCount:16]]
[2021.01.28-20.16.10:853][  0]LogConfig: Setting CVar [[r.HairStrands.DeepShadow.SuperSampling:0]]
[2021.01.28-20.16.10:853][  0]LogConfig: Setting CVar [[r.HairStrands.VisibilityPPLL:0]]
[2021.01.28-20.16.10:853][  0]LogConfig: Setting CVar [[r.HairStrands.RasterizationScale:0.5]]
[2021.01.28-20.16.10:853][  0]LogConfig: Setting CVar [[r.HairStrands.VelocityRasterizationScale:1]]
[2021.01.28-20.16.10:853][  0]LogConfig: Applying CVar settings from Section [Startup] File [../../../Engine/Config/ConsoleVariables.ini]
[2021.01.28-20.16.10:853][  0]LogConfig: Setting CVar [[net.UseAdaptiveNetUpdateFrequency:0]]
[2021.01.28-20.16.10:853][  0]LogConfig: Setting CVar [[p.chaos.AllowCreatePhysxBodies:1]]
[2021.01.28-20.16.10:853][  0]LogConfig: Setting CVar [[fx.SkipVectorVMBackendOptimizations:1]]
[2021.01.28-20.16.10:853][  0]LogConfig: Applying CVar settings from Section [ConsoleVariables] File [D:/GameProjects/GGJ21/LostBat/Saved/Config/Windows/Engine.ini]
[2021.01.28-20.16.10:853][  0]LogInit: Computer: VALERY
[2021.01.28-20.16.10:853][  0]LogInit: User: Valery
[2021.01.28-20.16.10:854][  0]LogInit: CPU Page size=4096, Cores=4
[2021.01.28-20.16.10:854][  0]LogInit: High frequency timer resolution =10.000000 MHz
[2021.01.28-20.16.10:854][  0]LogMemory: Memory total: Physical=7.9GB (8GB approx)
[2021.01.28-20.16.10:854][  0]LogMemory: Platform Memory Stats for Windows
[2021.01.28-20.16.10:854][  0]LogMemory: Process Physical Memory: 114.87 MB used, 114.87 MB peak
[2021.01.28-20.16.10:854][  0]LogMemory: Process Virtual Memory: 97.41 MB used, 97.41 MB peak
[2021.01.28-20.16.10:854][  0]LogMemory: Physical Memory: 5912.64 MB used,  2158.58 MB free, 8071.21 MB total
[2021.01.28-20.16.10:854][  0]LogMemory: Virtual Memory: 5119.08 MB used,  134212608.00 MB free, 134217728.00 MB total
[2021.01.28-20.16.10:859][  0]LogWindows: WindowsPlatformFeatures enabled
[2021.01.28-20.16.10:894][  0]LogInit: Physics initialised using underlying interface: PhysX
[2021.01.28-20.16.10:895][  0]LogInit: Using OS detected language (en-US).
[2021.01.28-20.16.10:895][  0]LogInit: Using OS detected locale (en-US).
[2021.01.28-20.16.10:899][  0]LogTextLocalizationManager: No specific localization for 'en-US' exists, so the 'en' localization will be used.
[2021.01.28-20.16.11:139][  0]LogInit: Setting process to per monitor DPI aware
[2021.01.28-20.16.11:173][  0]LogSlate: New Slate User Created.  User Index 0, Is Virtual User: 0
[2021.01.28-20.16.11:173][  0]LogSlate: Slate User Registered.  User Index 0, Is Virtual User: 0
[2021.01.28-20.16.11:359][  0]LogHMD: Failed to initialize OpenVR with code 110
[2021.01.28-20.16.11:359][  0]LogD3D11RHI: D3D11 min allowed feature level: 11_0
[2021.01.28-20.16.11:359][  0]LogD3D11RHI: D3D11 max allowed feature level: 11_0
[2021.01.28-20.16.11:359][  0]LogD3D11RHI: D3D11 adapters:
[2021.01.28-20.16.11:453][  0]LogD3D11RHI:    0. 'Intel(R) HD Graphics 530' (Feature Level 11_0)
[2021.01.28-20.16.11:453][  0]LogD3D11RHI:       128/0/4035 MB DedicatedVideo/DedicatedSystem/SharedSystem, Outputs:1, VendorId:0x8086
[2021.01.28-20.16.11:456][  0]LogD3D11RHI:    1. 'Microsoft Basic Render Driver' (Feature Level 11_0)
[2021.01.28-20.16.11:456][  0]LogD3D11RHI:       0/0/4035 MB DedicatedVideo/DedicatedSystem/SharedSystem, Outputs:0, VendorId:0x1414
[2021.01.28-20.16.11:456][  0]LogD3D11RHI: Chosen D3D11 Adapter: 0
[2021.01.28-20.16.11:463][  0]LogD3D11RHI: Creating new Direct3DDevice
[2021.01.28-20.16.11:463][  0]LogD3D11RHI:     GPU DeviceId: 0x1912 (for the marketing name, search the web for "GPU Device Id")
[2021.01.28-20.16.11:463][  0]LogWindows: EnumDisplayDevices:
[2021.01.28-20.16.11:463][  0]LogWindows:    0. 'Intel(R) HD Graphics 530' (P:1 D:1)
[2021.01.28-20.16.11:463][  0]LogWindows:    1. 'Intel(R) HD Graphics 530' (P:0 D:0)
[2021.01.28-20.16.11:464][  0]LogWindows:    2. 'Intel(R) HD Graphics 530' (P:0 D:0)
[2021.01.28-20.16.11:464][  0]LogWindows: DebugString: FoundDriverCount:3 
[2021.01.28-20.16.11:464][  0]LogD3D11RHI:     Adapter Name: Intel(R) HD Graphics 530
[2021.01.28-20.16.11:464][  0]LogD3D11RHI:   Driver Version: 26.20.100.7757 (internal:26.20.100.7757, unified:26.20.100.7757)
[2021.01.28-20.16.11:464][  0]LogD3D11RHI:      Driver Date: 1-9-2020
[2021.01.28-20.16.11:464][  0]LogRHI: Texture pool is 1502 MB (70% of 2145 MB)
[2021.01.28-20.16.11:594][  0]LogD3D11RHI: RHI does not have support for 64 bit atomics
[2021.01.28-20.16.11:594][  0]LogD3D11RHI: [IntelMetricsDiscovery] Started
[2021.01.28-20.16.11:595][  0]LogD3D11RHI: Async texture creation enabled
[2021.01.28-20.16.11:595][  0]LogD3D11RHI: Array index from any shader is supported
[2021.01.28-20.16.11:603][  0]LogD3D11RHI: GPU Timing Frequency: 12.000048 (Debug: 2 0)
[2021.01.28-20.16.12:054][  0]LogTargetPlatformManager: Display: Loaded TargetPlatform 'AllDesktop'
[2021.01.28-20.16.12:077][  0]LogTargetPlatformManager: Display: Loaded TargetPlatform 'Android'
[2021.01.28-20.16.12:077][  0]LogTargetPlatformManager: Display: Loaded TargetPlatform 'Android_ASTC'
[2021.01.28-20.16.12:077][  0]LogTargetPlatformManager: Display: Loaded TargetPlatform 'Android_DXT'
[2021.01.28-20.16.12:077][  0]LogTargetPlatformManager: Display: Loaded TargetPlatform 'Android_ETC2'
[2021.01.28-20.16.12:077][  0]LogTargetPlatformManager: Display: Loaded TargetPlatform 'AndroidClient'
[2021.01.28-20.16.12:077][  0]LogTargetPlatformManager: Display: Loaded TargetPlatform 'Android_ASTCClient'
[2021.01.28-20.16.12:077][  0]LogTargetPlatformManager: Display: Loaded TargetPlatform 'Android_DXTClient'
[2021.01.28-20.16.12:077][  0]LogTargetPlatformManager: Display: Loaded TargetPlatform 'Android_ETC2Client'
[2021.01.28-20.16.12:077][  0]LogTargetPlatformManager: Display: Loaded TargetPlatform 'Android_Multi'
[2021.01.28-20.16.12:077][  0]LogTargetPlatformManager: Display: Loaded TargetPlatform 'Android_MultiClient'
[2021.01.28-20.16.12:101][  0]LogTargetPlatformManager: Display: Loaded TargetPlatform 'IOSClient'
[2021.01.28-20.16.12:101][  0]LogTargetPlatformManager: Display: Loaded TargetPlatform 'IOS'
[2021.01.28-20.16.12:112][  0]LogTargetPlatformManager: Display: Loaded TargetPlatform 'Linux'
[2021.01.28-20.16.12:121][  0]LogTargetPlatformManager: Display: Loaded TargetPlatform 'LinuxNoEditor'
[2021.01.28-20.16.12:131][  0]LogTargetPlatformManager: Display: Loaded TargetPlatform 'LinuxClient'
[2021.01.28-20.16.12:140][  0]LogTargetPlatformManager: Display: Loaded TargetPlatform 'LinuxServer'
[2021.01.28-20.16.12:149][  0]LogTargetPlatformManager: Display: Loaded TargetPlatform 'LinuxAArch64NoEditor'
[2021.01.28-20.16.12:159][  0]LogTargetPlatformManager: Display: Loaded TargetPlatform 'LinuxAArch64Client'
[2021.01.28-20.16.12:169][  0]LogTargetPlatformManager: Display: Loaded TargetPlatform 'LinuxAArch64Server'
[2021.01.28-20.16.12:195][  0]LogTargetPlatformManager: Display: Loaded TargetPlatform 'Lumin'
[2021.01.28-20.16.12:195][  0]LogTargetPlatformManager: Display: Loaded TargetPlatform 'LuminClient'
[2021.01.28-20.16.12:211][  0]LogTargetPlatformManager: Display: Loaded TargetPlatform 'TVOSClient'
[2021.01.28-20.16.12:211][  0]LogTargetPlatformManager: Display: Loaded TargetPlatform 'TVOS'
[2021.01.28-20.16.12:221][  0]LogTargetPlatformManager: Display: Loaded TargetPlatform 'WindowsNoEditor'
[2021.01.28-20.16.12:230][  0]LogTargetPlatformManager: Display: Loaded TargetPlatform 'Windows'
[2021.01.28-20.16.12:240][  0]LogTargetPlatformManager: Display: Loaded TargetPlatform 'WindowsClient'
[2021.01.28-20.16.12:249][  0]LogTargetPlatformManager: Display: Loaded TargetPlatform 'WindowsServer'
[2021.01.28-20.16.12:249][  0]LogTargetPlatformManager: Display: Building Assets For Windows
[2021.01.28-20.16.12:259][  0]LogAudioDebug: Display: Lib vorbis DLL was dynamically loaded.
[2021.01.28-20.16.12:334][  0]LogShaderCompilers: Guid format shader working directory is 17 characters bigger than the processId version (D:/GameProjects/GGJ21/LostBat/Intermediate/Shaders/WorkingDirectory/22968/).
[2021.01.28-20.16.12:334][  0]LogShaderCompilers: Cleaned the shader compiler working directory 'C:/Users/Valery/AppData/Local/Temp/UnrealShaderWorkingDir/F92405834460802F6A594E9E83E36460/'.
[2021.01.28-20.16.12:335][  0]LogXGEController: Cannot use XGE Controller as Incredibuild is not installed on this machine.
[2021.01.28-20.16.12:335][  0]LogShaderCompilers: Cannot use XGE Shader Compiler as Incredibuild is not installed on this machine.
[2021.01.28-20.16.12:335][  0]LogShaderCompilers: Display: Using Local Shader Compiler.
[2021.01.28-20.16.13:156][  0]LogDerivedDataCache: Display: Max Cache Size: 512 MB
[2021.01.28-20.16.13:255][  0]LogDerivedDataCache: Loaded boot cache 0.10s 75MB C:/Users/Valery/AppData/Local/UnrealEngine/4.25/DerivedDataCache/Boot.ddc.
[2021.01.28-20.16.13:255][  0]LogDerivedDataCache: Display: Loaded Boot cache: C:/Users/Valery/AppData/Local/UnrealEngine/4.25/DerivedDataCache/Boot.ddc
[2021.01.28-20.16.13:255][  0]LogDerivedDataCache: FDerivedDataBackendGraph:  Pak pak cache file D:/GameProjects/GGJ21/LostBat/DerivedDataCache/DDC.ddp not found, will not use a pak cache.
[2021.01.28-20.16.13:255][  0]LogDerivedDataCache: Unable to find inner node Pak for hierarchical cache Hierarchy.
[2021.01.28-20.16.13:255][  0]LogDerivedDataCache: FDerivedDataBackendGraph:  CompressedPak pak cache file D:/GameProjects/GGJ21/LostBat/DerivedDataCache/Compressed.ddp not found, will not use a pak cache.
[2021.01.28-20.16.13:255][  0]LogDerivedDataCache: Unable to find inner node CompressedPak for hierarchical cache Hierarchy.
[2021.01.28-20.16.13:265][  0]LogDerivedDataCache: Display: Pak cache opened for reading ../../../Engine/DerivedDataCache/Compressed.ddp.
[2021.01.28-20.16.13:265][  0]LogDerivedDataCache: FDerivedDataBackendGraph:  EnterprisePak pak cache file ../../../Enterprise/DerivedDataCache/Compressed.ddp not found, will not use a pak cache.
[2021.01.28-20.16.13:265][  0]LogDerivedDataCache: Unable to find inner node EnterprisePak for hierarchical cache Hierarchy.
[2021.01.28-20.16.13:267][  0]LogDerivedDataCache: Using Local data cache path C:/Users/Valery/AppData/Local/UnrealEngine/Common/DerivedDataCache: Writable
[2021.01.28-20.16.13:267][  0]LogDerivedDataCache: Shared data cache path not found in *engine.ini, will not use an Shared cache.
[2021.01.28-20.16.13:267][  0]LogDerivedDataCache: Unable to find inner node Shared for hierarchical cache Hierarchy.
[2021.01.28-20.16.13:322][  0]LogSlate: Using FreeType 2.10.0
[2021.01.28-20.16.13:323][  0]LogSlate: SlateFontServices - WITH_FREETYPE: 1, WITH_HARFBUZZ: 1
[2021.01.28-20.16.13:361][  0]LogAssetRegistry: FAssetRegistry took 0.0025 seconds to start up
[2021.01.28-20.16.14:051][  0]LogInit: Selected Device Profile: [Windows]
[2021.01.28-20.16.14:192][  0]LogMeshReduction: Using QuadricMeshReduction for automatic static mesh reduction
[2021.01.28-20.16.14:192][  0]LogMeshReduction: Using SimplygonMeshReduction for automatic skeletal mesh reduction
[2021.01.28-20.16.14:192][  0]LogMeshReduction: Using ProxyLODMeshReduction for automatic mesh merging
[2021.01.28-20.16.14:192][  0]LogMeshReduction: No distributed automatic mesh merging module available
[2021.01.28-20.16.14:192][  0]LogMeshMerging: No distributed automatic mesh merging module available
[2021.01.28-20.16.14:237][  0]LogNetVersion: LostBat 1.0.0, NetCL: 13144385, EngineNetVer: 14, GameNetVer: 0 (Checksum: 3475071208)
[2021.01.28-20.16.15:036][  0]LogAISub: UAISubsystem::UAISubsystem AISubsystem (0000016AB684D300), frame # 0
[2021.01.28-20.16.15:036][  0]LogAISub: UAISubsystem::UAISubsystem AIPerceptionSystem (0000016AB6797B00), frame # 0
[2021.01.28-20.16.15:041][  0]LogAISub: UAISubsystem::UAISubsystem EnvQueryManager (0000016AB6820A00), frame # 0
[2021.01.28-20.16.15:151][  0]LogPackageLocalizationCache: Processed 19 localized package path(s) for 1 prioritized culture(s) in 0.055991 seconds
[2021.01.28-20.16.15:156][  0]LogUObjectArray: 15917 objects as part of root set at end of initial load.
[2021.01.28-20.16.15:156][  0]LogUObjectAllocator: 3965568 out of 0 bytes used by permanent object pool.
[2021.01.28-20.16.15:156][  0]LogUObjectArray: CloseDisregardForGC: 0/0 objects in disregard for GC pool
[2021.01.28-20.16.15:754][  0]LogTcpMessaging: Initializing TcpMessaging bridge
[2021.01.28-20.16.15:763][  0]LogUdpMessaging: Initializing bridge on interface 0.0.0.0:0 to multicast group 230.0.0.1:6666.
[2021.01.28-20.16.15:882][  0]SourceControl: Source control is disabled
[2021.01.28-20.16.15:882][  0]SourceControl: Source control is disabled
[2021.01.28-20.16.15:890][  0]SourceControl: Source control is disabled
[2021.01.28-20.16.15:895][  0]SourceControl: Source control is disabled
[2021.01.28-20.16.15:905][  0]SourceControl: Source control is disabled
[2021.01.28-20.16.16:280][  0]LogAndroidPermission: UAndroidPermissionCallbackProxy::GetInstance
[2021.01.28-20.16.16:305][  0]LogAudioCaptureCore: Display: No Audio Capture implementations found. Audio input will be silent.
[2021.01.28-20.16.16:305][  0]LogAudioCaptureCore: Display: No Audio Capture implementations found. Audio input will be silent.
[2021.01.28-20.16.16:369][  0]LogOcInput: OculusInput pre-init called
[2021.01.28-20.16.16:384][  0]LogWindows: Failed to load 'OVRPlugin.dll' (GetLastError=126)
[2021.01.28-20.16.16:384][  0]LogWindows: File 'OVRPlugin.dll' does not exist
[2021.01.28-20.16.16:492][  0]LogEngine: Initializing Engine...
[2021.01.28-20.16.16:495][  0]LogHMD: Failed to initialize OpenVR with code 110
[2021.01.28-20.16.16:495][  0]LogMagicLeap: Warning: VR disabled because ZI is not enabled.  To enable, in the editor, Edit -> Project Settings -> Plugins -> Magic Leap Plugin -> Enable Zero Iteration
[2021.01.28-20.16.16:497][  0]LogStats: UGameplayTagsManager::InitializeManager -  0.001 s
[2021.01.28-20.16.16:667][  0]LogInit: Initializing FReadOnlyCVARCache
[2021.01.28-20.16.16:701][  0]LogAIModule: Creating AISystem for world Untitled
[2021.01.28-20.16.16:701][  0]LogAISub: UAISubsystem::UAISubsystem EnvQueryManager (0000016ABB221C00), frame # 0
[2021.01.28-20.16.16:701][  0]LogAISub: UAISubsystem::UAISubsystem AIPerceptionSystem (0000016ABB24D580), frame # 0
[2021.01.28-20.16.16:713][  0]LogAudioMixer: Display: Audio Mixer Platform Settings:
[2021.01.28-20.16.16:713][  0]LogAudioMixer: Display: 	Sample Rate:						  48000
[2021.01.28-20.16.16:713][  0]LogAudioMixer: Display: 	Callback Buffer Frame Size Requested: 1024
[2021.01.28-20.16.16:713][  0]LogAudioMixer: Display: 	Callback Buffer Frame Size To Use:	  1024
[2021.01.28-20.16.16:713][  0]LogAudioMixer: Display: 	Number of buffers to queue:			  2
[2021.01.28-20.16.16:713][  0]LogAudioMixer: Display: 	Max Channels (voices):				  32
[2021.01.28-20.16.16:713][  0]LogAudioMixer: Display: 	Number of Async Source Workers:		  0
[2021.01.28-20.16.16:713][  0]LogAudio: Display: AudioDevice MaxSources: 32
[2021.01.28-20.16.16:715][  0]LogAudio: Display: Using built-in audio occlusion.
[2021.01.28-20.16.16:715][  0]LogAudioMixer: Display: Initializing audio mixer.
[2021.01.28-20.16.16:750][  0]LogAudioMixer: Display: 0: FrontLeft
[2021.01.28-20.16.16:750][  0]LogAudioMixer: Display: 1: FrontRight
[2021.01.28-20.16.16:887][  0]LogAudioMixer: Display: Using Audio Device Headphones (Synaptics HD Audio)
[2021.01.28-20.16.16:891][  0]LogAudioMixer: Display: Initializing Sound Submixes...
[2021.01.28-20.16.16:892][  0]LogAudioMixer: Display: Creating Master Submix 'MasterSubmixDefault'
[2021.01.28-20.16.16:893][  0]LogAudioMixer: Display: Creating Master Submix 'MasterReverbSubmixDefault'
[2021.01.28-20.16.16:894][  0]LogAudioMixer: Display: Creating Master Submix 'MasterEQSubmixDefault'
[2021.01.28-20.16.16:895][  0]LogInit: FAudioDevice initialized.
[2021.01.28-20.16.16:896][  0]LogNetVersion: Set ProjectVersion to 1.0.0.0. Version Checksum will be recalculated on next use.
[2021.01.28-20.16.16:942][  0]LogDerivedDataCache: Saved boot cache 0.05s 75MB C:/Users/Valery/AppData/Local/UnrealEngine/4.25/DerivedDataCache/Boot.ddc.
[2021.01.28-20.16.16:946][  0]LogInit: Texture streaming: Enabled
[2021.01.28-20.16.16:968][  0]LogEngineSessionManager: EngineSessionManager initialized
[2021.01.28-20.16.16:968][  0]LogEditorSessionSummary: Verbose: Initializing EditorSessionSummaryWriter for editor session tracking
[2021.01.28-20.16.16:971][  0]LogEditorSessionSummary: EditorSessionSummaryWriter initialized
[2021.01.28-20.16.17:029][  0]LogInit: Transaction tracking system initialized
[2021.01.28-20.16.17:068][  0]BlueprintLog: New page: Editor Load
[2021.01.28-20.16.17:196][  0]LocalizationService: Localization service is disabled
[2021.01.28-20.16.17:967][  0]LogCook: Display: Max memory allowance for cook 16384mb min free memory 0mb
[2021.01.28-20.16.17:967][  0]LogCook: Display: Mobile HDR setting 0
[2021.01.28-20.16.18:160][  0]LogFileCache: Scanning file cache for directory 'D:/GameProjects/GGJ21/LostBat/Content/' took 0.00s
[2021.01.28-20.16.18:453][  0]SourceControl: Source control is disabled
[2021.01.28-20.16.18:453][  0]LogUnrealEdMisc: Loading editor; pre map load, took 10.324
[2021.01.28-20.16.18:454][  0]Cmd: MAP LOAD FILE="D:/GameProjects/GGJ21/LostBat/Content/2DSideScrollerBP/Maps/2DSideScrollerExampleMap.umap" TEMPLATE=0 SHOWPROGRESS=1 FEATURELEVEL=3
[2021.01.28-20.16.18:455][  0]LightingResults: New page: Lighting Build
[2021.01.28-20.16.18:458][  0]LogWorld: UWorld::CleanupWorld for Untitled, bSessionEnded=true, bCleanupResources=true
[2021.01.28-20.16.18:459][  0]LogSlate: InvalidateAllWidgets triggered.  All widgets were invalidated
[2021.01.28-20.16.18:459][  0]MapCheck: New page: Map Check
[2021.01.28-20.16.18:459][  0]LightingResults: New page: Lighting Build
[2021.01.28-20.16.18:519][  0]LogAISub: UAISubsystem::~UAISubsystem EnvQueryManager (0000016ABB221C00), frame # 0
[2021.01.28-20.16.18:519][  0]LogAISub: UAISubsystem::~UAISubsystem AIPerceptionSystem (0000016ABB24D580), frame # 0
[2021.01.28-20.16.18:520][  0]LogUObjectHash: Compacting FUObjectHashTables data took   0.65ms
[2021.01.28-20.16.18:962][  0]LogAIModule: Creating AISystem for world 2DSideScrollerExampleMap
[2021.01.28-20.16.18:962][  0]LogAISub: UAISubsystem::UAISubsystem EnvQueryManager (0000016AAA43FE00), frame # 0
[2021.01.28-20.16.18:962][  0]LogAISub: UAISubsystem::UAISubsystem AIPerceptionSystem (0000016AB383AC00), frame # 0
[2021.01.28-20.16.18:978][  0]LogEditorServer: Finished looking for orphan Actors (0.000 secs)
[2021.01.28-20.16.24:167][  0]LogUObjectHash: Compacting FUObjectHashTables data took   0.69ms
[2021.01.28-20.16.24:169][  0]Cmd: MAP CHECKDEP NOCLEARLOG
[2021.01.28-20.16.24:169][  0]MapCheck: Map check complete: 0 Error(s), 0 Warning(s), took 0.517ms to complete.
[2021.01.28-20.16.24:170][  0]LogFileHelpers: Loading map '2DSideScrollerExampleMap' took 5.716
[2021.01.28-20.16.24:197][  0]LogUnrealEdMisc: Total Editor Startup Time, took 16.068
[2021.01.28-20.16.24:416][  0]LogSlate: Updating window title bar state: overlay mode, drag disabled, window buttons hidden, title bar hidden
[2021.01.28-20.16.24:423][  0]LogSlate: Updating window title bar state: overlay mode, drag disabled, window buttons hidden, title bar hidden
[2021.01.28-20.16.24:431][  0]LogSlate: Updating window title bar state: overlay mode, drag disabled, window buttons hidden, title bar hidden
[2021.01.28-20.16.24:438][  0]LogSlate: Updating window title bar state: overlay mode, drag disabled, window buttons hidden, title bar hidden
[2021.01.28-20.16.24:456][  0]LogCollectionManager: Loaded 0 collections in 0.001831 seconds
[2021.01.28-20.16.24:482][  0]LogFileCache: Scanning file cache for directory 'D:/GameProjects/GGJ21/LostBat/Saved/Collections/' took 0.00s
[2021.01.28-20.16.24:482][  0]LogFileCache: Scanning file cache for directory 'D:/GameProjects/GGJ21/LostBat/Content/Developers/Valery/Collections/' took 0.00s
[2021.01.28-20.16.24:482][  0]LogFileCache: Scanning file cache for directory 'D:/GameProjects/GGJ21/LostBat/Content/Collections/' took 0.00s
[2021.01.28-20.16.24:482][  0]LogContentBrowser: Native class hierarchy populated in 0.0093 seconds. Added 3427 classes and 821 folders.
[2021.01.28-20.16.24:488][  0]LogContentBrowser: Native class hierarchy updated for 'WidgetCarousel' in 0.0002 seconds. Added 0 classes and 0 folders.
[2021.01.28-20.16.24:866][  0]LogContentBrowser: Native class hierarchy updated for 'AddContentDialog' in 0.0002 seconds. Added 0 classes and 0 folders.
[2021.01.28-20.16.24:875][  0]LogContentBrowser: Native class hierarchy updated for 'SceneOutliner' in 0.0003 seconds. Added 2 classes and 0 folders.
[2021.01.28-20.16.25:034][  0]LogSlate: Took 0.007955 seconds to synchronously load lazily loaded font '../../../Engine/Content/Slate/Fonts/Roboto-Regular.ttf' (155K)
[2021.01.28-20.16.25:047][  0]LogSlate: Took 0.010538 seconds to synchronously load lazily loaded font '../../../Engine/Content/Slate/Fonts/Roboto-Bold.ttf' (160K)
[2021.01.28-20.16.25:059][  0]LogSlate: Took 0.007105 seconds to synchronously load lazily loaded font '../../../Engine/Content/Editor/Slate/Fonts/FontAwesome.ttf' (139K)
[2021.01.28-20.16.25:195][  0]LogRenderer: Reallocating scene render targets to support 1144x616 Format 9 NumSamples 1 (Frame:1).
[2021.01.28-20.16.25:371][  0]LogContentBrowser: Native class hierarchy updated for 'HierarchicalLODOutliner' in 0.0002 seconds. Added 0 classes and 0 folders.
[2021.01.28-20.16.25:371][  0]LogLoad: (Engine Initialization) Total time: 17.24 seconds
[2021.01.28-20.16.25:371][  0]LogLoad: (Engine Initialization) Total Blueprint compile time: 0.00 seconds
[2021.01.28-20.16.25:417][  0]LogAssetRegistry: Asset discovery search completed in 12.0563 seconds
[2021.01.28-20.16.25:421][  0]LogCollectionManager: Fixed up redirectors for 0 collections in 0.000003 seconds (updated 0 objects)
[2021.01.28-20.16.25:427][  0]LogContentStreaming: Texture pool size now 600 MB
[2021.01.28-20.16.25:464][  0]LogSlate: Took 0.006388 seconds to synchronously load lazily loaded font '../../../Engine/Content/Slate/Fonts/Roboto-Light.ttf' (167K)
[2021.01.28-20.16.42:528][145]LogSlate: Took 0.000130 seconds to synchronously load lazily loaded font '../../../Engine/Content/Slate/Fonts/Roboto-Light.ttf' (167K)
[2021.01.28-20.16.42:570][145]LogAssetEditorSubsystem: Opening Asset editor for World /Game/MY_BP/MY_Map.MY_Map
[2021.01.28-20.16.47:967][145]LogUObjectHash: Compacting FUObjectHashTables data took   0.64ms
[2021.01.28-20.16.47:968][145]Cmd: MAP LOAD FILE="D:/GameProjects/GGJ21/LostBat/Content/MY_BP/MY_Map.umap" TEMPLATE=0 SHOWPROGRESS=1 FEATURELEVEL=3
[2021.01.28-20.16.47:972][145]LightingResults: New page: Lighting Build
[2021.01.28-20.16.47:972][145]LoadErrors: New page: Loading map: MY_Map.umap
[2021.01.28-20.16.47:974][145]LogWorld: UWorld::CleanupWorld for 2DSideScrollerExampleMap, bSessionEnded=true, bCleanupResources=true
[2021.01.28-20.16.47:975][145]LogSlate: InvalidateAllWidgets triggered.  All widgets were invalidated
[2021.01.28-20.16.47:975][145]MapCheck: New page: Map Check
[2021.01.28-20.16.47:975][145]LightingResults: New page: Lighting Build
[2021.01.28-20.16.53:854][145]LogAISub: UAISubsystem::~UAISubsystem EnvQueryManager (0000016AAA43FE00), frame # 145
[2021.01.28-20.16.53:854][145]LogAISub: UAISubsystem::~UAISubsystem AIPerceptionSystem (0000016AB383AC00), frame # 145
[2021.01.28-20.16.53:855][145]LogUObjectHash: Compacting FUObjectHashTables data took   0.64ms
[2021.01.28-20.16.53:955][145]LogEditorServer: Finished looking for orphan Actors (0.000 secs)
[2021.01.28-20.16.53:955][145]LogAIModule: Creating AISystem for world MY_Map
[2021.01.28-20.16.53:955][145]LogAISub: UAISubsystem::UAISubsystem EnvQueryManager (0000016ADB065200), frame # 145
[2021.01.28-20.16.53:955][145]LogAISub: UAISubsystem::UAISubsystem AIPerceptionSystem (0000016AAA288900), frame # 145
[2021.01.28-20.16.53:970][145]LogUObjectHash: Compacting FUObjectHashTables data took   0.55ms
[2021.01.28-20.16.53:997][145]Cmd: MAP CHECKDEP NOCLEARLOG
[2021.01.28-20.16.53:997][145]MapCheck: Map check complete: 0 Error(s), 0 Warning(s), took 0.078ms to complete.
[2021.01.28-20.16.53:997][145]LogFileHelpers: Loading map 'MY_Map' took 6.027
[2021.01.28-20.18.01:336][620]LogSlate: Window 'Color Picker' being destroyed
[2021.01.28-20.18.09:856][705]LogTemp: Repeating last play command: New Editor Window (PIE)
[2021.01.28-20.18.09:886][705]LogPlayLevel: PlayLevel: No blueprints needed recompiling
[2021.01.28-20.18.09:887][705]PIE: New page: PIE session: MY_Map (Jan 28, 2021, 8:18:09 PM)
[2021.01.28-20.18.09:890][705]LogOnline: OSS: Creating online subsystem instance for: NULL
[2021.01.28-20.18.09:892][705]LogOnline: OSS: TryLoadSubsystemAndSetDefault: Loaded subsystem for module [NULL]
[2021.01.28-20.18.09:893][705]LogPlayLevel: Creating play world package: /Game/MY_BP/UEDPIE_0_MY_Map
[2021.01.28-20.18.09:896][705]LogPlayLevel: PIE: StaticDuplicateObject took: (0.003598s)
[2021.01.28-20.18.09:897][705]LogAIModule: Creating AISystem for world MY_Map
[2021.01.28-20.18.09:897][705]LogAISub: UAISubsystem::UAISubsystem EnvQueryManager (0000016ACB50BE00), frame # 705
[2021.01.28-20.18.09:897][705]LogAISub: UAISubsystem::UAISubsystem AIPerceptionSystem (0000016AAA2874C0), frame # 705
[2021.01.28-20.18.09:897][705]LogPlayLevel: PIE: World Init took: (0.001218s)
[2021.01.28-20.18.09:897][705]LogPlayLevel: PIE: Created PIE world by copying editor world from /Game/MY_BP/MY_Map.MY_Map to /Game/MY_BP/UEDPIE_0_MY_Map.MY_Map (0.005067s)
[2021.01.28-20.18.15:788][705]LogUObjectHash: Compacting FUObjectHashTables data took   0.53ms
[2021.01.28-20.18.15:791][705]LogAudioMixer: Display: Audio Mixer Platform Settings:
[2021.01.28-20.18.15:791][705]LogAudioMixer: Display: 	Sample Rate:						  48000
[2021.01.28-20.18.15:791][705]LogAudioMixer: Display: 	Callback Buffer Frame Size Requested: 1024
[2021.01.28-20.18.15:791][705]LogAudioMixer: Display: 	Callback Buffer Frame Size To Use:	  1024
[2021.01.28-20.18.15:791][705]LogAudioMixer: Display: 	Number of buffers to queue:			  2
[2021.01.28-20.18.15:791][705]LogAudioMixer: Display: 	Max Channels (voices):				  32
[2021.01.28-20.18.15:791][705]LogAudioMixer: Display: 	Number of Async Source Workers:		  0
[2021.01.28-20.18.15:791][705]LogAudio: Display: AudioDevice MaxSources: 32
[2021.01.28-20.18.15:791][705]LogAudio: Display: Using built-in audio occlusion.
[2021.01.28-20.18.15:791][705]LogAudioMixer: Display: Initializing audio mixer.
[2021.01.28-20.18.15:795][705]LogAudioMixer: Display: 0: FrontLeft
[2021.01.28-20.18.15:795][705]LogAudioMixer: Display: 1: FrontRight
[2021.01.28-20.18.15:823][705]LogAudioMixer: Display: Using Audio Device Headphones (Synaptics HD Audio)
[2021.01.28-20.18.15:823][705]LogAudioMixer: Display: Initializing Sound Submixes...
[2021.01.28-20.18.15:823][705]LogAudioMixer: Display: Creating Master Submix 'MasterSubmixDefault'
[2021.01.28-20.18.15:823][705]LogAudioMixer: Display: Creating Master Submix 'MasterReverbSubmixDefault'
[2021.01.28-20.18.15:823][705]LogAudioMixer: Display: Creating Master Submix 'MasterEQSubmixDefault'
[2021.01.28-20.18.15:825][705]LogInit: FAudioDevice initialized.
[2021.01.28-20.18.15:881][705]LogSlate: Updating window title bar state: overlay mode, drag disabled, window buttons hidden, title bar hidden
[2021.01.28-20.18.15:882][705]LogLoad: Game class is 'MY_GM_C'
[2021.01.28-20.18.15:888][705]LogWorld: Bringing World /Game/MY_BP/UEDPIE_0_MY_Map.MY_Map up for play (max tick rate 0) at 2021.01.28-20.18.15
[2021.01.28-20.18.15:889][705]LogWorld: Bringing up level for play took: 0.001416
[2021.01.28-20.18.15:889][705]LogOnline: OSS: Creating online subsystem instance for: :Context_1
[2021.01.28-20.18.15:898][705]LogContentBrowser: Native class hierarchy updated for 'MovieSceneCapture' in 0.0003 seconds. Added 20 classes and 0 folders.
[2021.01.28-20.18.15:912][705]PIE: Server logged in
[2021.01.28-20.18.15:914][705]PIE: Play in editor total start time 6.031 seconds.
[2021.01.28-20.18.27:088][794]LogSlate: Window 'LostBat Preview [NetMode: Standalone] (64-bit/Windows) ' being destroyed
[2021.01.28-20.18.27:117][794]LogWorld: BeginTearingDown for /Game/MY_BP/UEDPIE_0_MY_Map
[2021.01.28-20.18.27:119][794]LogWorld: UWorld::CleanupWorld for MY_Map, bSessionEnded=true, bCleanupResources=true
[2021.01.28-20.18.27:120][794]LogSlate: InvalidateAllWidgets triggered.  All widgets were invalidated
[2021.01.28-20.18.27:132][794]LogPlayLevel: Display: Shutting down PIE online subsystems
[2021.01.28-20.18.27:134][794]LogSlate: InvalidateAllWidgets triggered.  All widgets were invalidated
[2021.01.28-20.18.32:438][794]LogAISub: UAISubsystem::~UAISubsystem AIPerceptionSystem (0000016AAA2874C0), frame # 794
[2021.01.28-20.18.32:438][794]LogAISub: UAISubsystem::~UAISubsystem EnvQueryManager (0000016ACB50BE00), frame # 794
[2021.01.28-20.18.32:439][794]LogUObjectHash: Compacting FUObjectHashTables data took   0.55ms
[2021.01.28-20.18.32:466][795]LogPlayLevel: Display: Destroying online subsystem :Context_1
[2021.01.28-20.18.37:743][950]LogPlayLevel: PlayLevel: No blueprints needed recompiling
[2021.01.28-20.18.37:743][950]PIE: New page: SIE session: MY_Map (Jan 28, 2021, 8:18:37 PM)
[2021.01.28-20.18.37:744][950]LogPlayLevel: Creating play world package: /Game/MY_BP/UEDPIE_0_MY_Map
[2021.01.28-20.18.37:746][950]LogPlayLevel: PIE: StaticDuplicateObject took: (0.002173s)
[2021.01.28-20.18.37:747][950]LogAIModule: Creating AISystem for world MY_Map
[2021.01.28-20.18.37:747][950]LogAISub: UAISubsystem::UAISubsystem EnvQueryManager (0000016ADADB3E00), frame # 950
[2021.01.28-20.18.37:747][950]LogAISub: UAISubsystem::UAISubsystem AIPerceptionSystem (0000016AA9EECB80), frame # 950
[2021.01.28-20.18.37:747][950]LogPlayLevel: PIE: World Init took: (0.001315s)
[2021.01.28-20.18.37:747][950]LogPlayLevel: PIE: Created PIE world by copying editor world from /Game/MY_BP/MY_Map.MY_Map to /Game/MY_BP/UEDPIE_0_MY_Map.MY_Map (0.003620s)
[2021.01.28-20.18.37:763][950]LogUObjectHash: Compacting FUObjectHashTables data took   0.54ms
[2021.01.28-20.18.37:765][950]LogAudioMixer: Display: Audio Mixer Platform Settings:
[2021.01.28-20.18.37:765][950]LogAudioMixer: Display: 	Sample Rate:						  48000
[2021.01.28-20.18.37:765][950]LogAudioMixer: Display: 	Callback Buffer Frame Size Requested: 1024
[2021.01.28-20.18.37:765][950]LogAudioMixer: Display: 	Callback Buffer Frame Size To Use:	  1024
[2021.01.28-20.18.37:765][950]LogAudioMixer: Display: 	Number of buffers to queue:			  2
[2021.01.28-20.18.37:765][950]LogAudioMixer: Display: 	Max Channels (voices):				  32
[2021.01.28-20.18.37:765][950]LogAudioMixer: Display: 	Number of Async Source Workers:		  0
[2021.01.28-20.18.37:765][950]LogAudio: Display: AudioDevice MaxSources: 32
[2021.01.28-20.18.37:765][950]LogAudio: Display: Using built-in audio occlusion.
[2021.01.28-20.18.37:765][950]LogAudioMixer: Display: Initializing audio mixer.
[2021.01.28-20.18.37:768][950]LogAudioMixer: Display: 0: FrontLeft
[2021.01.28-20.18.37:768][950]LogAudioMixer: Display: 1: FrontRight
[2021.01.28-20.18.37:795][950]LogAudioMixer: Display: Using Audio Device Headphones (Synaptics HD Audio)
[2021.01.28-20.18.37:795][950]LogAudioMixer: Display: Initializing Sound Submixes...
[2021.01.28-20.18.37:795][950]LogAudioMixer: Display: Creating Master Submix 'MasterSubmixDefault'
[2021.01.28-20.18.37:795][950]LogAudioMixer: Display: Creating Master Submix 'MasterReverbSubmixDefault'
[2021.01.28-20.18.37:796][950]LogAudioMixer: Display: Creating Master Submix 'MasterEQSubmixDefault'
[2021.01.28-20.18.37:797][950]LogInit: FAudioDevice initialized.
[2021.01.28-20.18.37:807][950]LogLoad: Game class is 'MY_GM_C'
[2021.01.28-20.18.37:808][950]LogWorld: Bringing World /Game/MY_BP/UEDPIE_0_MY_Map.MY_Map up for play (max tick rate 0) at 2021.01.28-20.18.37
[2021.01.28-20.18.37:809][950]LogWorld: Bringing up level for play took: 0.000654
[2021.01.28-20.18.37:809][950]LogOnline: OSS: Creating online subsystem instance for: :Context_2
[2021.01.28-20.18.37:810][950]LogGameMode: FindPlayerStart: PATHS NOT DEFINED or NO PLAYERSTART with positive rating
[2021.01.28-20.18.37:813][950]PIE: Server logged in
[2021.01.28-20.18.37:813][950]PIE: Play in editor total start time 0.07 seconds.
[2021.01.28-20.18.38:343][950]LogScript: Warning: Accessed None trying to read property CurrentObjective
	WBP_Waypont_C /Engine/Transient.UnrealEdEngine_0:GameInstance_1.WBP_Waypont_C_0
	Function /Game/MY_BP/Widgets/WBP_Waypont.WBP_Waypont_C:ExecuteUbergraph_WBP_Waypont:0077
[2021.01.28-20.18.38:401][951]LogScript: Warning: Accessed None trying to read property CurrentObjective
	WBP_Waypont_C /Engine/Transient.UnrealEdEngine_0:GameInstance_1.WBP_Waypont_C_0
	Function /Game/MY_BP/Widgets/WBP_Waypont.WBP_Waypont_C:ExecuteUbergraph_WBP_Waypont:0077
[2021.01.28-20.18.38:926][952]LogScript: Warning: Accessed None trying to read property CurrentObjective
	WBP_Waypont_C /Engine/Transient.UnrealEdEngine_0:GameInstance_1.WBP_Waypont_C_0
	Function /Game/MY_BP/Widgets/WBP_Waypont.WBP_Waypont_C:ExecuteUbergraph_WBP_Waypont:0077
[2021.01.28-20.18.38:940][953]LogScript: Warning: Accessed None trying to read property CurrentObjective
	WBP_Waypont_C /Engine/Transient.UnrealEdEngine_0:GameInstance_1.WBP_Waypont_C_0
	Function /Game/MY_BP/Widgets/WBP_Waypont.WBP_Waypont_C:ExecuteUbergraph_WBP_Waypont:0077
[2021.01.28-20.18.38:970][954]LogScript: Warning: Accessed None trying to read property CurrentObjective
	WBP_Waypont_C /Engine/Transient.UnrealEdEngine_0:GameInstance_1.WBP_Waypont_C_0
	Function /Game/MY_BP/Widgets/WBP_Waypont.WBP_Waypont_C:ExecuteUbergraph_WBP_Waypont:0077
[2021.01.28-20.18.38:989][955]LogScript: Warning: Accessed None trying to read property CurrentObjective
	WBP_Waypont_C /Engine/Transient.UnrealEdEngine_0:GameInstance_1.WBP_Waypont_C_0
	Function /Game/MY_BP/Widgets/WBP_Waypont.WBP_Waypont_C:ExecuteUbergraph_WBP_Waypont:0077
[2021.01.28-20.18.39:014][956]LogScript: Warning: Accessed None trying to read property CurrentObjective
	WBP_Waypont_C /Engine/Transient.UnrealEdEngine_0:GameInstance_1.WBP_Waypont_C_0
	Function /Game/MY_BP/Widgets/WBP_Waypont.WBP_Waypont_C:ExecuteUbergraph_WBP_Waypont:0077
[2021.01.28-20.18.39:037][957]LogScript: Warning: Accessed None trying to read property CurrentObjective
	WBP_Waypont_C /Engine/Transient.UnrealEdEngine_0:GameInstance_1.WBP_Waypont_C_0
	Function /Game/MY_BP/Widgets/WBP_Waypont.WBP_Waypont_C:ExecuteUbergraph_WBP_Waypont:0077
[2021.01.28-20.18.39:054][958]LogScript: Warning: Accessed None trying to read property CurrentObjective
	WBP_Waypont_C /Engine/Transient.UnrealEdEngine_0:GameInstance_1.WBP_Waypont_C_0
	Function /Game/MY_BP/Widgets/WBP_Waypont.WBP_Waypont_C:ExecuteUbergraph_WBP_Waypont:0077
[2021.01.28-20.18.39:117][959]LogScript: Warning: Accessed None trying to read property CurrentObjective
	WBP_Waypont_C /Engine/Transient.UnrealEdEngine_0:GameInstance_1.WBP_Waypont_C_0
	Function /Game/MY_BP/Widgets/WBP_Waypont.WBP_Waypont_C:ExecuteUbergraph_WBP_Waypont:0077
[2021.01.28-20.18.39:130][960]LogScript: Warning: Accessed None trying to read property CurrentObjective
	WBP_Waypont_C /Engine/Transient.UnrealEdEngine_0:GameInstance_1.WBP_Waypont_C_0
	Function /Game/MY_BP/Widgets/WBP_Waypont.WBP_Waypont_C:ExecuteUbergraph_WBP_Waypont:0077
[2021.01.28-20.18.39:627][961]LogScript: Warning: Accessed None trying to read property CurrentObjective
	WBP_Waypont_C /Engine/Transient.UnrealEdEngine_0:GameInstance_1.WBP_Waypont_C_0
	Function /Game/MY_BP/Widgets/WBP_Waypont.WBP_Waypont_C:ExecuteUbergraph_WBP_Waypont:0077
[2021.01.28-20.18.39:639][962]LogScript: Warning: Accessed None trying to read property CurrentObjective
	WBP_Waypont_C /Engine/Transient.UnrealEdEngine_0:GameInstance_1.WBP_Waypont_C_0
	Function /Game/MY_BP/Widgets/WBP_Waypont.WBP_Waypont_C:ExecuteUbergraph_WBP_Waypont:0077
[2021.01.28-20.18.39:680][963]LogScript: Warning: Accessed None trying to read property CurrentObjective
	WBP_Waypont_C /Engine/Transient.UnrealEdEngine_0:GameInstance_1.WBP_Waypont_C_0
	Function /Game/MY_BP/Widgets/WBP_Waypont.WBP_Waypont_C:ExecuteUbergraph_WBP_Waypont:0077
[2021.01.28-20.18.39:707][964]LogScript: Warning: Accessed None trying to read property CurrentObjective
	WBP_Waypont_C /Engine/Transient.UnrealEdEngine_0:GameInstance_1.WBP_Waypont_C_0
	Function /Game/MY_BP/Widgets/WBP_Waypont.WBP_Waypont_C:ExecuteUbergraph_WBP_Waypont:0077
[2021.01.28-20.18.39:721][965]LogScript: Warning: Accessed None trying to read property CurrentObjective
	WBP_Waypont_C /Engine/Transient.UnrealEdEngine_0:GameInstance_1.WBP_Waypont_C_0
	Function /Game/MY_BP/Widgets/WBP_Waypont.WBP_Waypont_C:ExecuteUbergraph_WBP_Waypont:0077
[2021.01.28-20.18.40:124][966]LogScript: Warning: Accessed None trying to read property CurrentObjective
	WBP_Waypont_C /Engine/Transient.UnrealEdEngine_0:GameInstance_1.WBP_Waypont_C_0
	Function /Game/MY_BP/Widgets/WBP_Waypont.WBP_Waypont_C:ExecuteUbergraph_WBP_Waypont:0077
[2021.01.28-20.19.00:435][157]LogEditorViewport: Clicking on Actor (LMB): 2DSideScrollerCharacter_C (2DSideScrollerCharacter)
[2021.01.28-20.19.23:358][257]LogEditorViewport: Clicking Background
[2021.01.28-20.19.32:970][308]LogEditorViewport: Clicking on Actor (LMB): 2DSideScrollerCharacter_C (2DSideScrollerCharacter)
[2021.01.28-20.19.54:569][490]LogEditorViewport: Clicking on Actor (LMB): BP_BatRelative_C (BP_BatRelative2)
[2021.01.28-20.20.16:550][786]LogSlate: Updating window title bar state: overlay mode, drag disabled, window buttons hidden, title bar hidden
[2021.01.28-20.20.16:551][786]LogWorld: BeginTearingDown for /Game/MY_BP/UEDPIE_0_MY_Map
[2021.01.28-20.20.16:552][786]LogWorld: UWorld::CleanupWorld for MY_Map, bSessionEnded=true, bCleanupResources=true
[2021.01.28-20.20.16:553][786]LogSlate: InvalidateAllWidgets triggered.  All widgets were invalidated
[2021.01.28-20.20.16:605][786]LogPlayLevel: Display: Shutting down PIE online subsystems
[2021.01.28-20.20.16:607][786]LogSlate: InvalidateAllWidgets triggered.  All widgets were invalidated
[2021.01.28-20.20.22:851][786]LogSlate: Updating window title bar state: overlay mode, drag disabled, window buttons hidden, title bar hidden
[2021.01.28-20.20.22:868][786]LogAISub: UAISubsystem::~UAISubsystem AIPerceptionSystem (0000016AA9EECB80), frame # 1786
[2021.01.28-20.20.22:868][786]LogAISub: UAISubsystem::~UAISubsystem EnvQueryManager (0000016ADADB3E00), frame # 1786
[2021.01.28-20.20.22:869][786]LogUObjectHash: Compacting FUObjectHashTables data took   0.66ms
[2021.01.28-20.20.22:895][787]LogPlayLevel: Display: Destroying online subsystem :Context_2
[2021.01.28-20.20.27:410][838]LogEditorViewport: Clicking on Actor (LMB): 2DSideScrollerCharacter_C (2DSideScrollerCharacter)
[2021.01.28-20.20.32:573][868]LogTemp: Repeating last play command: Simulate
[2021.01.28-20.20.32:589][868]LogPlayLevel: PlayLevel: No blueprints needed recompiling
[2021.01.28-20.20.32:589][868]PIE: New page: SIE session: MY_Map (Jan 28, 2021, 8:20:32 PM)
[2021.01.28-20.20.32:589][868]LogPlayLevel: Creating play world package: /Game/MY_BP/UEDPIE_0_MY_Map
[2021.01.28-20.20.32:591][868]LogPlayLevel: PIE: StaticDuplicateObject took: (0.001943s)
[2021.01.28-20.20.32:592][868]LogAIModule: Creating AISystem for world MY_Map
[2021.01.28-20.20.32:592][868]LogAISub: UAISubsystem::UAISubsystem EnvQueryManager (0000016ACAC54C00), frame # 1868
[2021.01.28-20.20.32:592][868]LogAISub: UAISubsystem::UAISubsystem AIPerceptionSystem (0000016AE4A1CB80), frame # 1868
[2021.01.28-20.20.32:593][868]LogPlayLevel: PIE: World Init took: (0.001321s)
[2021.01.28-20.20.32:593][868]LogPlayLevel: PIE: Created PIE world by copying editor world from /Game/MY_BP/MY_Map.MY_Map to /Game/MY_BP/UEDPIE_0_MY_Map.MY_Map (0.003422s)
[2021.01.28-20.20.38:287][868]LogUObjectHash: Compacting FUObjectHashTables data took   0.60ms
[2021.01.28-20.20.38:289][868]LogAudioMixer: Display: Audio Mixer Platform Settings:
[2021.01.28-20.20.38:289][868]LogAudioMixer: Display: 	Sample Rate:						  48000
[2021.01.28-20.20.38:289][868]LogAudioMixer: Display: 	Callback Buffer Frame Size Requested: 1024
[2021.01.28-20.20.38:289][868]LogAudioMixer: Display: 	Callback Buffer Frame Size To Use:	  1024
[2021.01.28-20.20.38:289][868]LogAudioMixer: Display: 	Number of buffers to queue:			  2
[2021.01.28-20.20.38:289][868]LogAudioMixer: Display: 	Max Channels (voices):				  32
[2021.01.28-20.20.38:289][868]LogAudioMixer: Display: 	Number of Async Source Workers:		  0
[2021.01.28-20.20.38:289][868]LogAudio: Display: AudioDevice MaxSources: 32
[2021.01.28-20.20.38:290][868]LogAudio: Display: Using built-in audio occlusion.
[2021.01.28-20.20.38:290][868]LogAudioMixer: Display: Initializing audio mixer.
[2021.01.28-20.20.38:301][868]LogAudioMixer: Display: 0: FrontLeft
[2021.01.28-20.20.38:301][868]LogAudioMixer: Display: 1: FrontRight
[2021.01.28-20.20.38:361][868]LogAudioMixer: Display: Using Audio Device Headphones (Synaptics HD Audio)
[2021.01.28-20.20.38:361][868]LogAudioMixer: Display: Initializing Sound Submixes...
[2021.01.28-20.20.38:361][868]LogAudioMixer: Display: Creating Master Submix 'MasterSubmixDefault'
[2021.01.28-20.20.38:361][868]LogAudioMixer: Display: Creating Master Submix 'MasterReverbSubmixDefault'
[2021.01.28-20.20.38:361][868]LogAudioMixer: Display: Creating Master Submix 'MasterEQSubmixDefault'
[2021.01.28-20.20.38:362][868]LogInit: FAudioDevice initialized.
[2021.01.28-20.20.38:369][868]LogLoad: Game class is 'MY_GM_C'
[2021.01.28-20.20.38:370][868]LogWorld: Bringing World /Game/MY_BP/UEDPIE_0_MY_Map.MY_Map up for play (max tick rate 0) at 2021.01.28-20.20.38
[2021.01.28-20.20.38:370][868]LogWorld: Bringing up level for play took: 0.000607
[2021.01.28-20.20.38:370][868]LogOnline: OSS: Creating online subsystem instance for: :Context_3
[2021.01.28-20.20.38:371][868]LogGameMode: FindPlayerStart: PATHS NOT DEFINED or NO PLAYERSTART with positive rating
[2021.01.28-20.20.38:372][868]PIE: Server logged in
[2021.01.28-20.20.38:373][868]PIE: Play in editor total start time 5.785 seconds.
[2021.01.28-20.20.38:508][869]LogSlate: Updating window title bar state: overlay mode, drag disabled, window buttons hidden, title bar hidden
[2021.01.28-20.20.38:508][869]LogWorld: BeginTearingDown for /Game/MY_BP/UEDPIE_0_MY_Map
[2021.01.28-20.20.38:509][869]LogWorld: UWorld::CleanupWorld for MY_Map, bSessionEnded=true, bCleanupResources=true
[2021.01.28-20.20.38:509][869]LogSlate: InvalidateAllWidgets triggered.  All widgets were invalidated
[2021.01.28-20.20.38:515][869]LogPlayLevel: Display: Shutting down PIE online subsystems
[2021.01.28-20.20.38:516][869]LogSlate: InvalidateAllWidgets triggered.  All widgets were invalidated
[2021.01.28-20.20.44:224][869]LogSlate: Updating window title bar state: overlay mode, drag disabled, window buttons hidden, title bar hidden
[2021.01.28-20.20.44:241][869]LogAISub: UAISubsystem::~UAISubsystem AIPerceptionSystem (0000016AE4A1CB80), frame # 1869
[2021.01.28-20.20.44:241][869]LogAISub: UAISubsystem::~UAISubsystem EnvQueryManager (0000016ACAC54C00), frame # 1869
[2021.01.28-20.20.44:242][869]LogUObjectHash: Compacting FUObjectHashTables data took   0.55ms
[2021.01.28-20.20.44:278][870]LogEditorViewport: Clicking Background
[2021.01.28-20.20.44:332][870]LogPlayLevel: Display: Destroying online subsystem :Context_3
[2021.01.28-20.21.15:801][  3]Cmd: OBJ SAVEPACKAGE PACKAGE="/Game/MY_BP/MY_Map" FILE="D:/GameProjects/GGJ21/LostBat/Content/MY_BP/MY_Map.umap" SILENT=true AUTOSAVING=false KEEPDIRTY=false
[2021.01.28-20.21.15:813][  3]LogUObjectHash: Compacting FUObjectHashTables data took   0.66ms
[2021.01.28-20.21.15:842][  3]LogSavePackage: Moving 'D:/GameProjects/GGJ21/LostBat/Saved/MY_Map53438E254F7438EE910F01AC5F6CD67A.tmp' to 'D:/GameProjects/GGJ21/LostBat/Content/MY_BP/MY_Map.umap'
[2021.01.28-20.21.15:878][  3]Cmd: OBJ SAVEPACKAGE PACKAGE="/Game/MY_BP/MY_Map_BuiltData" FILE="D:/GameProjects/GGJ21/LostBat/Content/MY_BP/MY_Map_BuiltData.uasset" SILENT=true
[2021.01.28-20.21.15:892][  3]LogSavePackage: Moving 'D:/GameProjects/GGJ21/LostBat/Saved/MY_Map_BuiltData251C7B73415F820B07C24A86286D60A3.tmp' to 'D:/GameProjects/GGJ21/LostBat/Content/MY_BP/MY_Map_BuiltData.uasset'
[2021.01.28-20.21.15:900][  3]AssetCheck: New page: Asset Save: multiple assets
[2021.01.28-20.21.15:900][  3]LogContentValidation: Display: Validating World /Game/MY_BP/MY_Map.MY_Map
[2021.01.28-20.21.15:900][  3]LogContentValidation: Display: Validating MapBuildDataRegistry /Game/MY_BP/MY_Map_BuiltData.MY_Map_BuiltData
[2021.01.28-20.21.22:225][ 24]LogUObjectHash: Compacting FUObjectHashTables data took   0.20ms
[2021.01.28-20.21.22:294][ 24]LogSlate: Window 'LostBat - Unreal Editor' being destroyed
[2021.01.28-20.21.22:296][ 24]LogWindowsTextInputMethodSystem: Display: IME system now deactivated.
[2021.01.28-20.21.23:003][ 25]Cmd: QUIT_EDITOR
[2021.01.28-20.21.23:003][ 25]LogCore: Engine exit requested (reason: UUnrealEdEngine::CloseEditor())
[2021.01.28-20.21.24:194][ 25]LogCore: Engine exit requested (reason: EngineExit() was called; note: exit was already requested)
[2021.01.28-20.21.27:372][ 25]LogExit: Preparing to exit.
